time,x,y,z,yaw,throttle,roll_rate,pitch_rate,yaw_rate,x_ref,y_ref,z_ref,yaw_ref,pred_time,nr_time,ctrl_callback_time,metadata
3.5762786865234375e-06,-0.06189323589205742,0.010390707291662693,-0.24033072590827942,-0.04825017754303688,0.4905301332473755,-0.08848459273576736,-0.3628552556037903,0.0,0.0,0.0,-0.6,-0.04825017754303688,1.1700563430786133,1.1700563430786133,1.4264404773712158,Hardware
1.4292831420898438,-0.06189323589205742,0.010390707291662693,-0.24033072590827942,-0.04825017754303688,0.4972873628139496,-0.05919037014245987,-0.2785724401473999,0.0,0.0,0.0,-0.6,-0.04825017754303688,0.004877567291259766,0.004877567291259766,0.01759195327758789,flat wardi with jax
1.450044870376587,-0.06190968677401543,0.010879936628043652,-0.2387477457523346,-0.04823911817528609,0.5020913481712341,-0.05273929610848427,-0.22011809051036835,0.0,0.0,0.0,-0.6,-0.04823911817528609,0.0018475055694580078,0.0018475055694580078,0.015143156051635742,1x Speed
1.466642141342163,-0.06190968677401543,0.010879936628043652,-0.2387477457523346,-0.04823911817528609,0.5054429173469543,-0.036114711314439774,-0.1736261397600174,0.0,0.0,0.0,-0.6,-0.04823911817528609,0.001926422119140625,0.001926422119140625,0.013836145401000977,circle_horz_ref_func
1.4836163520812988,-0.0619177520275116,0.010891820304095745,-0.23871172964572906,-0.04823415104210689,0.5077852606773376,-0.025179602205753326,-0.13804464042186737,0.0,0.0,0.0,-0.6,-0.04823415104210689,0.0013704299926757812,0.0013704299926757812,0.013253450393676758,0
1.4990708827972412,-0.0619177520275116,0.010891820304095745,-0.23871172964572906,-0.04823415104210689,0.5094228386878967,-0.017439600080251694,-0.11016823351383209,0.0,0.0,0.0,-0.6,-0.04823415104210689,0.001708984375,0.001708984375,0.014837503433227539,0
1.5167272090911865,-0.061927955597639084,0.010900440625846386,-0.2386895716190338,-0.04822540106400328,0.5105672478675842,-0.011390102095901966,-0.08889275044202805,0.0,0.0,0.0,-0.6,-0.04822540106400328,0.00193023681640625,0.00193023681640625,0.014370441436767578,0
1.533506155014038,-0.061927955597639084,0.010900440625846386,-0.2386895716190338,-0.04822540106400328,0.5113682150840759,-0.007932030595839024,-0.07125980406999588,0.0,0.0,0.0,-0.6,-0.04822540106400328,0.0018401145935058594,0.0018401145935058594,0.013727903366088867,0
1.549363613128662,-0.061937350779771805,0.010911303572356701,-0.23867696523666382,-0.048240866300485276,0.5119330286979675,-0.007555434014648199,-0.05718638375401497,0.0,0.0,0.0,-0.6,-0.048240866300485276,0.0016434192657470703,0.0016434192657470703,0.013087987899780273,0
1.5645372867584229,-0.061937350779771805,0.010911303572356701,-0.23867696523666382,-0.048240866300485276,0.512328565120697,-0.005275390576571226,-0.045908425003290176,0.0,0.0,0.0,-0.6,-0.048240866300485276,0.0016813278198242188,0.0016813278198242188,0.012438774108886719,0
1.5795338153839111,-0.06194431707262993,0.010926964692771435,-0.23866339027881622,-0.04822596731786865,0.512610137462616,-0.0040719592943787575,-0.0366702675819397,0.0,0.0,0.0,-0.6,-0.04822596731786865,0.00171661376953125,0.00171661376953125,0.01423025131225586,0
1.5951216220855713,-0.06194431707262993,0.010926964692771435,-0.23866339027881622,-0.04822596731786865,0.5128074884414673,-0.0028467755764722824,-0.029443616047501564,0.0,0.0,0.0,-0.6,-0.04822596731786865,0.0016782283782958984,0.0016782283782958984,0.014132976531982422,0
1.6123089790344238,-0.061950866132974625,0.010941636748611927,-0.23865628242492676,-0.04821535048667444,0.5129416584968567,-0.0018161153420805931,-0.02338731288909912,0.0,0.0,0.0,-0.6,-0.04821535048667444,0.001544952392578125,0.001544952392578125,0.01378321647644043,0
1.6288678646087646,-0.06195090338587761,0.010953778401017189,-0.23865991830825806,-0.04821195363118413,0.5130372047424316,-0.0026223999448120594,-0.018267134204506874,0.0,0.0,0.0,-0.6,-0.04821195363118413,0.0024836063385009766,0.0024836063385009766,0.013790369033813477,0
1.6446173191070557,-0.06195090338587761,0.010953778401017189,-0.23865991830825806,-0.04821195363118413,0.5131040811538696,-0.0018348933663219213,-0.014658451080322266,0.0,0.0,0.0,-0.6,-0.04821195363118413,0.0015649795532226562,0.0015649795532226562,0.013505220413208008,0
1.6603093147277832,-0.06194944679737091,0.01097176969051361,-0.2386551946401596,-0.04820197150186108,0.5131544470787048,-0.0017364872619509697,-0.011601852253079414,0.0,0.0,0.0,-0.6,-0.04820197150186108,0.0015952587127685547,0.0015952587127685547,0.01272273063659668,0
1.6749320030212402,-0.06194944679737091,0.01097176969051361,-0.2386551946401596,-0.04820197150186108,0.5131897926330566,-0.0012152642011642456,-0.009306650608778,0.0,0.0,0.0,-0.6,-0.04820197150186108,0.0016465187072753906,0.0016465187072753906,0.012304544448852539,0
1.6895217895507812,-0.06194892153143883,0.010988733731210232,-0.23865169286727905,-0.04818416844311585,0.513211727142334,-0.0004155788919888437,-0.0076799592934548855,0.0,0.0,0.0,-0.6,-0.04818416844311585,0.0017337799072265625,0.0017337799072265625,0.015046358108520508,0
1.7059810161590576,-0.06194892153143883,0.010988733731210232,-0.23865169286727905,-0.04818416844311585,0.513227105140686,-0.0002908796595875174,-0.006155266892164946,0.0,0.0,0.0,-0.6,-0.04818416844311585,0.0018901824951171875,0.0018901824951171875,0.01453542709350586,0
1.723616600036621,-0.06194756552577019,0.011013579554855824,-0.23865953087806702,-0.04819364537863576,0.5132387280464172,-0.0011587078915908933,-0.0048411390744149685,0.0,0.0,0.0,-0.6,-0.04819364537863576,0.0014007091522216797,0.0014007091522216797,0.012984275817871094,0
1.7382099628448486,-0.06194756552577019,0.011013579554855824,-0.23865953087806702,-0.04819364537863576,0.5132468938827515,-0.0008110511116683483,-0.003879014402627945,0.0,0.0,0.0,-0.6,-0.04819364537863576,0.0016837120056152344,0.0016837120056152344,0.012661457061767578,0
1.754077434539795,-0.061944182962179184,0.011027664877474308,-0.23867231607437134,-0.048191636713682845,0.5132498741149902,-0.0007115841726772487,-0.003194682067260146,0.0,0.0,0.0,-0.6,-0.048191636713682845,0.0017120838165283203,0.0017120838165283203,0.015511274337768555,0
1.7718136310577393,-0.06194121018052101,0.01104774884879589,-0.2386937439441681,-0.04818973657634279,0.5132493376731873,-0.0008107007015496492,-0.0024420779664069414,0.0,0.0,0.0,-0.6,-0.04818973657634279,0.001748800277709961,0.001748800277709961,0.01391911506652832,0
1.7878968715667725,-0.06194121018052101,0.01104774884879589,-0.2386937439441681,-0.04818973657634279,0.5132489800453186,-0.0005674943677149713,-0.0019533135928213596,0.0,0.0,0.0,-0.6,-0.04818973657634279,0.0015871524810791016,0.0015871524810791016,0.012618780136108398,0
1.802720069885254,-0.061937738209962845,0.011061414144933224,-0.23871535062789917,-0.04819010334395518,0.5132479667663574,0.0002931773487944156,-0.0016723991138860583,0.0,0.0,0.0,-0.6,-0.04819010334395518,0.001708984375,0.001708984375,0.013435840606689453,0
1.8199644088745117,-0.06193367764353752,0.011075004003942013,-0.23874230682849884,-0.0481749565282136,0.5132445693016052,-0.0006569383549503982,-0.0016966828843578696,0.0,0.0,0.0,-0.6,-0.0481749565282136,0.0022928714752197266,0.0022928714752197266,0.014849424362182617,0
1.8370733261108398,-0.06193367764353752,0.011075004003942013,-0.23874230682849884,-0.0481749565282136,0.5132421851158142,-0.00045986624900251627,-0.001355417538434267,0.0,0.0,0.0,-0.6,-0.0481749565282136,0.0019125938415527344,0.0019125938415527344,0.014016866683959961,0
1.8531508445739746,-0.0619242899119854,0.011111637577414513,-0.23880751430988312,-0.04817918063989682,0.5132349729537964,-0.003507733577862382,-0.0008640339365229011,0.0,0.0,0.0,-0.6,-0.04817918063989682,0.0015861988067626953,0.0015861988067626953,0.012876272201538086,0
1.8687007427215576,-0.0619242899119854,0.011111637577414513,-0.23880751430988312,-0.04817918063989682,0.5132299065589905,-0.002455491805449128,-0.0006871383520774543,0.0,0.0,0.0,-0.6,-0.04817918063989682,0.0026984214782714844,0.0026984214782714844,0.014831304550170898,0
1.886343240737915,-0.061920177191495895,0.011145046912133694,-0.2388554811477661,-0.04817665051896526,0.513227105140686,-0.002186430152505636,-0.0007276170654222369,0.0,0.0,0.0,-0.6,-0.04817665051896526,0.0020363330841064453,0.0020363330841064453,0.014966487884521484,0
1.9028234481811523,-0.061920177191495895,0.011145046912133694,-0.2388554811477661,-0.04817665051896526,0.5132251977920532,-0.0015305174747481942,-0.0005805276450701058,0.0,0.0,0.0,-0.6,-0.04817665051896526,0.0024733543395996094,0.0024733543395996094,0.01590585708618164,0
1.9223392009735107,-0.06191408634185791,0.011178783141076565,-0.23890554904937744,-0.04816692014770114,0.5132216215133667,-0.001534573151730001,-0.00022297339455690235,0.0,0.0,0.0,-0.6,-0.04816692014770114,0.0021462440490722656,0.0021462440490722656,0.015627384185791016,0
1.9408118724822998,-0.0619107186794281,0.011199867352843285,-0.23893499374389648,-0.048166102302408226,0.5132147669792175,-0.0016304559540003538,-0.00020924225100316107,0.0,0.0,0.0,-0.6,-0.048166102302408226,0.0018329620361328125,0.0018329620361328125,0.015795230865478516,0
1.9598393440246582,-0.061906080693006516,0.011222579516470432,-0.2389688342809677,-0.04816887550975425,0.513213038444519,-0.0013237063540145755,-8.575679385103285e-05,0.0,0.0,0.0,-0.6,-0.04816887550975425,0.0019538402557373047,0.0019538402557373047,0.01549673080444336,0
1.9768505096435547,-0.061906080693006516,0.011222579516470432,-0.2389688342809677,-0.04816887550975425,0.5132117867469788,-0.000926606822758913,-6.762988050468266e-05,0.0,0.0,0.0,-0.6,-0.04816887550975425,0.0019121170043945312,0.0019121170043945312,0.01389169692993164,0
1.9938716888427734,-0.06190725415945053,0.011262479238212109,-0.2390015870332718,-0.04814594852768748,0.5132066011428833,-0.001378572778776288,-0.0004962596576660872,0.0,0.0,0.0,-0.6,-0.04814594852768748,0.0021581649780273438,0.0021581649780273438,0.013776540756225586,0
2.009284257888794,-0.06190725415945053,0.011262479238212109,-0.2390015870332718,-0.04814594852768748,0.513202965259552,-0.0009650214924477041,-0.0003941045724786818,0.0,0.0,0.0,-0.6,-0.04814594852768748,0.0015113353729248047,0.0015113353729248047,0.01303553581237793,0
2.02547550201416,-0.06191132217645645,0.011288376525044441,-0.23900717496871948,-0.04815034759707568,0.5132013559341431,-0.0018870068015530705,1.008823801385006e-06,0.0,0.0,0.0,-0.6,-0.04815034759707568,0.0017695426940917969,0.0017695426940917969,0.01418614387512207,0
2.041935920715332,-0.06191132217645645,0.011288376525044441,-0.23900717496871948,-0.04815034759707568,0.5132002234458923,-0.0013209142489358783,1.7292409211222548e-06,0.0,0.0,0.0,-0.6,-0.04815034759707568,0.0019714832305908203,0.0019714832305908203,0.014090776443481445,0
2.0582115650177,-0.061915185302495956,0.011317254975438118,-0.2390117645263672,-0.04813714611231,0.5131998658180237,-0.0014786618994548917,-0.00058983318740502,0.0,0.0,0.0,-0.6,-0.04813714611231,0.0022878646850585938,0.0022878646850585938,0.0140838623046875,0
2.0742270946502686,-0.061915185302495956,0.011317254975438118,-0.2390117645263672,-0.04813714611231,0.5131997466087341,-0.0010350593365728855,-0.0004716738185379654,0.0,0.0,0.0,-0.6,-0.04813714611231,0.0017361640930175781,0.0017361640930175781,0.013072013854980469,0
2.0895187854766846,-0.06192033737897873,0.011343110352754593,-0.23902124166488647,-0.04814457806937407,0.5132009983062744,-0.0006600924534723163,-0.000815117615275085,0.0,0.0,0.0,-0.6,-0.04814457806937407,0.001550912857055664,0.001550912857055664,0.015156030654907227,0
2.107778549194336,-0.061926405876874924,0.011360458098351955,-0.23902364075183868,-0.04813767061570348,0.5131999254226685,-0.001223905710503459,-0.0008992286748252809,0.0,0.0,0.0,-0.6,-0.04813767061570348,0.002324819564819336,0.002324819564819336,0.01466226577758789,0
2.125086784362793,-0.061926405876874924,0.011360458098351955,-0.23902364075183868,-0.04813767061570348,0.5131992697715759,-0.0008567359764128923,-0.0007187871960923076,0.0,0.0,0.0,-0.6,-0.04813767061570348,0.0019788742065429688,0.0019788742065429688,0.013664484024047852,0
2.1409780979156494,-0.06193361058831215,0.011386649683117867,-0.23904341459274292,-0.04814826936831622,0.5131964087486267,0.0005155792459845543,-0.0003508366644382477,0.0,0.0,0.0,-0.6,-0.04814826936831622,0.0020835399627685547,0.0020835399627685547,0.01507878303527832,0
2.1587047576904297,-0.06193361058831215,0.011386649683117867,-0.23904341459274292,-0.04814826936831622,0.5131944417953491,0.00036090787034481764,-0.00027905849856324494,0.0,0.0,0.0,-0.6,-0.04814826936831622,0.001901865005493164,0.001901865005493164,0.013642311096191406,0
2.174642562866211,-0.06193975359201431,0.01142235565930605,-0.23908625543117523,-0.04816167760444734,0.5131949782371521,-0.0012244835961610079,-0.0005286861560307443,0.0,0.0,0.0,-0.6,-0.04816167760444734,0.0018372535705566406,0.0018372535705566406,0.013491153717041016,0
2.190419912338257,-0.06193975359201431,0.01142235565930605,-0.23908625543117523,-0.04816167760444734,0.5131953358650208,-0.0008571358630433679,-0.0004232227220200002,0.0,0.0,0.0,-0.6,-0.04816167760444734,0.0016596317291259766,0.0016596317291259766,0.012759685516357422,0
2.2051775455474854,-0.061941973865032196,0.011456546373665333,-0.2391275018453598,-0.0481641597426589,0.51319420337677,-0.0011812711600214243,-0.00045503489673137665,0.0,0.0,0.0,-0.6,-0.0481641597426589,0.0016391277313232422,0.0016391277313232422,0.014317035675048828,0
2.22269606590271,-0.061941973865032196,0.011456546373665333,-0.2391275018453598,-0.0481641597426589,0.5131934285163879,-0.0008268905803561211,-0.00036339115467853844,0.0,0.0,0.0,-0.6,-0.0481641597426589,0.001951456069946289,0.001951456069946289,0.013950347900390625,0
2.238706588745117,-0.06194467842578888,0.01148903463035822,-0.239157572388649,-0.04816355057616543,0.5131929516792297,-0.001423456473276019,0.00034513164428062737,0.0,0.0,0.0,-0.6,-0.04816355057616543,0.001848459243774414,0.001848459243774414,0.014683723449707031,0
2.2547881603240967,-0.06194467842578888,0.01148903463035822,-0.239157572388649,-0.04816355057616543,0.5131925940513611,-0.0009964221389964223,0.00027636581216938794,0.0,0.0,0.0,-0.6,-0.04816355057616543,0.002934694290161133,0.002934694290161133,0.016184091567993164,0
2.273761510848999,-0.06195445731282234,0.011522753164172173,-0.23917707800865173,-0.04817830513256194,0.5131891965866089,-0.0001787172514013946,-0.0011099489638581872,0.0,0.0,0.0,-0.6,-0.04817830513256194,0.002032756805419922,0.002032756805419922,0.01384115219116211,0
2.2895421981811523,-0.06195445731282234,0.011522753164172173,-0.23917707800865173,-0.04817830513256194,0.5131868720054626,-0.00012510066153481603,-0.0008860384114086628,0.0,0.0,0.0,-0.6,-0.04817830513256194,0.002374887466430664,0.002374887466430664,0.015805482864379883,0
2.307464599609375,-0.061966974288225174,0.011537798680365086,-0.23918160796165466,-0.04819278144326815,0.5131884217262268,0.0002167871716665104,-0.001092173159122467,0.0,0.0,0.0,-0.6,-0.04819278144326815,0.001958608627319336,0.001958608627319336,0.014558076858520508,0
2.3250482082366943,-0.061966974288225174,0.011537798680365086,-0.23918160796165466,-0.04819278144326815,0.5131894946098328,0.00015174431609921157,-0.0008745739469304681,0.0,0.0,0.0,-0.6,-0.04819278144326815,0.0019452571868896484,0.0019452571868896484,0.014312505722045898,0
2.341611862182617,-0.061988528817892075,0.011553491465747356,-0.2391614466905594,-0.04817489542649549,0.5131956338882446,-0.00032052447204478085,-0.0008161428268067539,0.0,0.0,0.0,-0.6,-0.04817489542649549,0.0015709400177001953,0.0015709400177001953,0.014666557312011719,0
2.358428716659546,-0.061988528817892075,0.011553491465747356,-0.2391614466905594,-0.04817489542649549,0.5131998658180237,-0.00022435944993048906,-0.0006563097122125328,0.0,0.0,0.0,-0.6,-0.04817489542649549,0.0017006397247314453,0.0017006397247314453,0.012866735458374023,0
2.3734519481658936,-0.062003400176763535,0.011566303670406342,-0.2391577959060669,-0.04819351066135542,0.5132057666778564,0.001152676297351718,-0.0011327940737828612,0.0,0.0,0.0,-0.6,-0.04819351066135542,0.0015599727630615234,0.0015599727630615234,0.012746095657348633,0
2.3877086639404297,-0.062003400176763535,0.011566303670406342,-0.2391577959060669,-0.04819351066135542,0.5132099390029907,0.0008068537572398782,-0.0009095423738472164,0.0,0.0,0.0,-0.6,-0.04819351066135542,0.0016431808471679688,0.0016431808471679688,0.013405323028564453,0
2.4036762714385986,-0.06201982870697975,0.011579479090869427,-0.23916378617286682,-0.04819325174537766,0.5132149457931519,0.0007388709927909076,-0.0014994917437434196,0.0,0.0,0.0,-0.6,-0.04819325174537766,0.0015993118286132812,0.0015993118286132812,0.012125968933105469,0
2.4173412322998047,-0.06201982870697975,0.011579479090869427,-0.23916378617286682,-0.04819325174537766,0.5132185220718384,0.0005172016681171954,-0.0012024090392515063,0.0,0.0,0.0,-0.6,-0.04819325174537766,0.001692056655883789,0.001692056655883789,0.013075828552246094,0
2.441593885421753,-0.06203706935048103,0.011594929732382298,-0.23917968571186066,-0.048182164240650686,0.5132226347923279,0.00014981147251091897,-0.000855692895129323,0.0,0.0,0.0,-0.6,-0.048182164240650686,0.001975536346435547,0.001975536346435547,0.013942718505859375,0
2.457749843597412,-0.06203706935048103,0.011594929732382298,-0.23917968571186066,-0.048182164240650686,0.5132255554199219,0.0001048678532242775,-0.000686853367369622,0.0,0.0,0.0,-0.6,-0.048182164240650686,0.0018074512481689453,0.0018074512481689453,0.013671875,0
2.474301338195801,-0.062056414783000946,0.011621074751019478,-0.23920677602291107,-0.0481858155216939,0.5132294297218323,-0.000843099900521338,-0.0007916438044048846,0.0,0.0,0.0,-0.6,-0.0481858155216939,0.001859426498413086,0.001859426498413086,0.013134002685546875,0
2.4895646572113037,-0.062056414783000946,0.011621074751019478,-0.23920677602291107,-0.0481858155216939,0.5132321715354919,-0.0005901613621972501,-0.0006354895303957164,0.0,0.0,0.0,-0.6,-0.0481858155216939,0.00150299072265625,0.00150299072265625,0.010716915130615234,0
2.502595901489258,-0.062060438096523285,0.011627528816461563,-0.2392134964466095,-0.04820056978614584,0.5132335424423218,-0.0006299696397036314,-0.00015301037637982517,0.0,0.0,0.0,-0.6,-0.04820056978614584,0.0018482208251953125,0.0018482208251953125,0.014340400695800781,0
2.518433094024658,-0.062060438096523285,0.011627528816461563,-0.2392134964466095,-0.04820056978614584,0.5132344365119934,-0.0004409747489262372,-0.00012313842307776213,0.0,0.0,0.0,-0.6,-0.04820056978614584,0.0021486282348632812,0.0021486282348632812,0.014706850051879883,0
2.5361130237579346,-0.062071993947029114,0.011658755131065845,-0.23924711346626282,-0.048220847570019744,0.513238251209259,-0.002134875161573291,7.582535181427374e-05,0.0,0.0,0.0,-0.6,-0.048220847570019744,0.0021262168884277344,0.0021262168884277344,0.015605688095092773,0
2.553577423095703,-0.062071993947029114,0.011658755131065845,-0.23924711346626282,-0.048220847570019744,0.5132409334182739,-0.0014943907735869288,5.8477784477872774e-05,0.0,0.0,0.0,-0.6,-0.048220847570019744,0.0020596981048583984,0.0020596981048583984,0.014265298843383789,0
2.570434093475342,-0.06208585947751999,0.01169266551733017,-0.23926006257534027,-0.04824291798227873,0.5132424235343933,-0.0002641628379933536,5.873498594155535e-05,0.0,0.0,0.0,-0.6,-0.04824291798227873,0.002237081527709961,0.002237081527709961,0.015353679656982422,0
2.5878963470458984,-0.06208585947751999,0.01169266551733017,-0.23926006257534027,-0.04824291798227873,0.5132434964179993,-0.00018491629452910274,4.6126500819809735e-05,0.0,0.0,0.0,-0.6,-0.04824291798227873,0.0019884109497070312,0.0019884109497070312,0.014871358871459961,0
2.605450391769409,-0.06208983436226845,0.01171114481985569,-0.23928222060203552,-0.04820377861215757,0.5132373571395874,-0.0044953664764761925,0.004961837083101273,0.0,0.0,0.0,-0.6,-0.04820377861215757,0.001989603042602539,0.001989603042602539,0.014684677124023438,0
2.6227049827575684,-0.06208983436226845,0.01171114481985569,-0.23928222060203552,-0.04820377861215757,0.5132331252098083,-0.0031468449160456657,0.003972889389842749,0.0,0.0,0.0,-0.6,-0.04820377861215757,0.0020155906677246094,0.0020155906677246094,0.01427316665649414,0
2.6392438411712646,-0.06208457797765732,0.011727456003427505,-0.23933590948581696,-0.048278518676076826,0.5132316946983337,-3.085548087256029e-05,-0.003448009490966797,0.0,0.0,0.0,-0.6,-0.048278518676076826,0.0016124248504638672,0.0016124248504638672,0.013691425323486328,0
2.6548330783843994,-0.06208457797765732,0.011727456003427505,-0.23933590948581696,-0.048278518676076826,0.5132306814193726,-2.1602720153168775e-05,-0.00275752623565495,0.0,0.0,0.0,-0.6,-0.048278518676076826,0.0016551017761230469,0.0016551017761230469,0.012115955352783203,0
2.6700263023376465,-0.06207691505551338,0.011742682196199894,-0.23937152326107025,-0.04833325313516112,0.513224720954895,0.010968625545501709,0.0077491868287324905,0.0,0.0,0.0,-0.6,-0.04833325313516112,0.002346515655517578,0.002346515655517578,0.017152070999145508,0
2.68810772895813,-0.06207691505551338,0.011742682196199894,-0.23937152326107025,-0.04833325313516112,0.513220489025116,0.007678242865949869,0.006202662829309702,0.0,0.0,0.0,-0.6,-0.04833325313516112,0.0020008087158203125,0.0020008087158203125,0.013989686965942383,0
2.704862117767334,-0.06205779314041138,0.011759258806705475,-0.23945313692092896,-0.048169760951230635,0.5132185220718384,-0.010467474348843098,-0.006731495261192322,0.0,0.0,0.0,-0.6,-0.048169760951230635,0.002124309539794922,0.002124309539794922,0.01386260986328125,0
2.720785140991211,-0.06205779314041138,0.011759258806705475,-0.23945313692092896,-0.048169760951230635,0.5132171511650085,-0.007327303756028414,-0.005383917596191168,0.0,0.0,0.0,-0.6,-0.048169760951230635,0.0016760826110839844,0.0016760826110839844,0.012103557586669922,0
2.734797239303589,-0.062051936984062195,0.01177241001278162,-0.23949310183525085,-0.04829012551086681,0.5132071375846863,0.011854404583573341,0.007800729479640722,0.0,0.0,0.0,-0.6,-0.04829012551086681,0.001619577407836914,0.001619577407836914,0.01196908950805664,0
2.74875807762146,-0.062051936984062195,0.01177241001278162,-0.23949310183525085,-0.04829012551086681,0.5132001042366028,0.008298445492982864,0.0062463064678013325,0.0,0.0,0.0,-0.6,-0.04829012551086681,0.0015985965728759766,0.0015985965728759766,0.01232600212097168,0
2.7631921768188477,-0.06204238906502724,0.011769010685384274,-0.2395293265581131,-0.04817833763844071,0.5131855010986328,0.012484601698815823,-0.005082723218947649,0.0,0.0,0.0,-0.6,-0.04817833763844071,0.001588582992553711,0.001588582992553711,0.012127876281738281,0
2.776824951171875,-0.06204238906502724,0.011769010685384274,-0.2395293265581131,-0.04817833763844071,0.5131752490997314,0.008739801123738289,-0.004057996906340122,0.0,0.0,0.0,-0.6,-0.04817833763844071,0.0015528202056884766,0.0015528202056884766,0.012487173080444336,0
2.7917771339416504,-0.062020789831876755,0.011760375462472439,-0.2395520657300949,-0.04820795570839375,0.513184666633606,-0.009875068441033363,0.0018749998416751623,0.0,0.0,0.0,-0.6,-0.04820795570839375,0.0015056133270263672,0.0015056133270263672,0.012014150619506836,0
2.8052051067352295,-0.062020789831876755,0.011760375462472439,-0.2395520657300949,-0.04820795570839375,0.5131912231445312,-0.006912258919328451,0.0014945919392630458,0.0,0.0,0.0,-0.6,-0.04820795570839375,0.0015034675598144531,0.0015034675598144531,0.01248621940612793,0
2.8203649520874023,-0.06201484426856041,0.011746757663786411,-0.23954874277114868,-0.04821606172362029,0.5131926536560059,-0.01504278089851141,-0.003900180570781231,0.0,0.0,0.0,-0.6,-0.04821606172362029,0.0015289783477783203,0.0015289783477783203,0.012518167495727539,0
2.835444927215576,-0.0620117224752903,0.011716963723301888,-0.2395343780517578,-0.048233876238998726,0.5131892561912537,0.010159353725612164,0.008604297414422035,0.0,0.0,0.0,-0.6,-0.048233876238998726,0.0017693042755126953,0.0017693042755126953,0.013454675674438477,0
2.8504137992858887,-0.0620117224752903,0.011716963723301888,-0.2395343780517578,-0.048233876238998726,0.5131868720054626,0.007111647631973028,0.006885186769068241,0.0,0.0,0.0,-0.6,-0.048233876238998726,0.0016627311706542969,0.0016627311706542969,0.012820720672607422,0
2.865767240524292,-0.06200529634952545,0.011677848175168037,-0.23950551450252533,-0.04816007209931554,0.5131740570068359,0.016165239736437798,-0.005934572778642178,0.0,0.0,0.0,-0.6,-0.04816007209931554,0.0017232894897460938,0.0017232894897460938,0.013401985168457031,0
2.8806450366973877,-0.06200529634952545,0.011677848175168037,-0.23950551450252533,-0.04816007209931554,0.5131651759147644,0.011316330172121525,-0.004740532021969557,0.0,0.0,0.0,-0.6,-0.04816007209931554,0.0015714168548583984,0.0015714168548583984,0.012853622436523438,0
2.896085500717163,-0.06199130043387413,0.011631636880338192,-0.239463210105896,-0.04822903901988412,0.5131815671920776,-0.01725512556731701,-0.0010783198522403836,0.0,0.0,0.0,-0.6,-0.04822903901988412,0.0016546249389648438,0.0016546249389648438,0.012683629989624023,0
2.910244941711426,-0.06199130043387413,0.011631636880338192,-0.239463210105896,-0.04822903901988412,0.5131930708885193,-0.012077695690095425,-0.000871828175149858,0.0,0.0,0.0,-0.6,-0.04822903901988412,0.0018284320831298828,0.0018284320831298828,0.01325368881225586,0
2.9261436462402344,-0.06197945401072502,0.011570687405765057,-0.23944157361984253,-0.04818647383533672,0.5131890177726746,0.010817304253578186,0.009394161403179169,0.0,0.0,0.0,-0.6,-0.04818647383533672,0.0017745494842529297,0.0017745494842529297,0.013024091720581055,0
2.9413065910339355,-0.06197945401072502,0.011570687405765057,-0.23944157361984253,-0.04818647383533672,0.5131860375404358,0.007572239264845848,0.007517487742006779,0.0,0.0,0.0,-0.6,-0.04818647383533672,0.0016627311706542969,0.0016627311706542969,0.013007402420043945,0
2.9569787979125977,-0.061971861869096756,0.011515616439282894,-0.2394270896911621,-0.04818211163717976,0.5131848454475403,0.011522380635142326,-0.007845928892493248,0.0,0.0,0.0,-0.6,-0.04818211163717976,0.001821279525756836,0.001821279525756836,0.013036727905273438,0
2.971468448638916,-0.061971861869096756,0.011515616439282894,-0.2394270896911621,-0.04818211163717976,0.5131840109825134,0.008065716363489628,-0.006275806110352278,0.0,0.0,0.0,-0.6,-0.04818211163717976,0.0017249584197998047,0.0017249584197998047,0.013280630111694336,0
2.987809181213379,-0.061963219195604324,0.011453725397586823,-0.2393941581249237,-0.04822996173895132,0.5131875276565552,-0.010435962118208408,0.0012746840948238969,0.0,0.0,0.0,-0.6,-0.04822996173895132,0.0016529560089111328,0.0016529560089111328,0.012728691101074219,0
3.0026769638061523,-0.061960093677043915,0.01140323095023632,-0.23936553299427032,-0.0482300622908477,0.5131686925888062,0.011697285808622837,0.00491279037669301,0.0,0.0,0.0,-0.6,-0.0482300622908477,0.0017247200012207031,0.0017247200012207031,0.013301610946655273,0
3.017406463623047,-0.061960093677043915,0.01140323095023632,-0.23936553299427032,-0.0482300622908477,0.513155460357666,0.008188786916434765,0.003941034898161888,0.0,0.0,0.0,-0.6,-0.0482300622908477,0.0017559528350830078,0.0017559528350830078,0.012644290924072266,0
3.0331203937530518,-0.06195830553770065,0.011324802413582802,-0.23931068181991577,-0.04819037726718367,0.5131679177284241,-0.0038354378193616867,-0.003093237057328224,0.0,0.0,0.0,-0.6,-0.04819037726718367,0.001996278762817383,0.001996278762817383,0.013226509094238281,0
3.0479159355163574,-0.06195830553770065,0.011324802413582802,-0.23931068181991577,-0.04819037726718367,0.513176679611206,-0.0026846535038203,-0.0024813625495880842,0.0,0.0,0.0,-0.6,-0.04819037726718367,0.0017385482788085938,0.0017385482788085938,0.01239013671875,0
3.0623152256011963,-0.06195716932415962,0.011236258782446384,-0.2392512410879135,-0.04822746679001019,0.5131667256355286,0.010915365070104599,0.0005257354350760579,0.0,0.0,0.0,-0.6,-0.04822746679001019,0.0016815662384033203,0.0016815662384033203,0.012244701385498047,0
3.0763959884643555,-0.06195716932415962,0.011236258782446384,-0.2392512410879135,-0.04822746679001019,0.5131597518920898,0.0076410965994000435,0.00042621613829396665,0.0,0.0,0.0,-0.6,-0.04822746679001019,0.001695394515991211,0.001695394515991211,0.013435840606689453,0
3.091958999633789,-0.0619567446410656,0.011152513325214386,-0.2391960471868515,-0.04815877370080814,0.5131585001945496,-0.005944224074482918,-0.004107570741325617,0.0,0.0,0.0,-0.6,-0.04815877370080814,0.0016062259674072266,0.0016062259674072266,0.012159109115600586,0
3.106096029281616,-0.0619567446410656,0.011152513325214386,-0.2391960471868515,-0.04815877370080814,0.5131576657295227,-0.004160982556641102,-0.003285235958173871,0.0,0.0,0.0,-0.6,-0.04815877370080814,0.0017867088317871094,0.0017867088317871094,0.013375282287597656,0
3.1221139430999756,-0.061955273151397705,0.011065387167036533,-0.23914068937301636,-0.04821003105167018,0.5131615996360779,0.010514886118471622,0.0050530568696558475,0.0,0.0,0.0,-0.6,-0.04821003105167018,0.0017998218536376953,0.0017998218536376953,0.012885332107543945,0
3.1372008323669434,-0.061955273151397705,0.011065387167036533,-0.23914068937301636,-0.04821003105167018,0.5131644010543823,0.007360281888395548,0.0040399800054728985,0.0,0.0,0.0,-0.6,-0.04821003105167018,0.0017261505126953125,0.0017261505126953125,0.013085365295410156,0
3.152362823486328,-0.06196312978863716,0.010975674726068974,-0.23909354209899902,-0.048152708850025906,0.5131607055664062,0.002345049986615777,-0.0007576417410746217,0.0,0.0,0.0,-0.6,-0.048152708850025906,0.0018215179443359375,0.0018215179443359375,0.013422727584838867,0
3.167259693145752,-0.06196312978863716,0.010975674726068974,-0.23909354209899902,-0.048152708850025906,0.5131582021713257,0.0016415658174082637,-0.0006040327716618776,0.0,0.0,0.0,-0.6,-0.048152708850025906,0.0015039443969726562,0.0015039443969726562,0.012255668640136719,0
3.1822142601013184,-0.061966050416231155,0.01087744627147913,-0.23906239867210388,-0.048204761028852655,0.5131680369377136,0.003075140528380871,-0.0034047244116663933,0.0,0.0,0.0,-0.6,-0.048204761028852655,0.001733541488647461,0.001733541488647461,0.01250147819519043,0
3.1962437629699707,-0.061966050416231155,0.01087744627147913,-0.23906239867210388,-0.048204761028852655,0.5131748914718628,0.002152505796402693,-0.002729092724621296,0.0,0.0,0.0,-0.6,-0.048204761028852655,0.0017275810241699219,0.0017275810241699219,0.012688159942626953,0
3.210927963256836,-0.06196912005543709,0.01078422088176012,-0.2390495389699936,-0.048159292742187415,0.5131667256355286,0.006760804448276758,0.0011650208616629243,0.0,0.0,0.0,-0.6,-0.048159292742187415,0.0015931129455566406,0.0015931129455566406,0.013108968734741211,0
3.2267439365386963,-0.06196912005543709,0.01078422088176012,-0.2390495389699936,-0.048159292742187415,0.5131609439849854,0.004732740577310324,0.000936659169383347,0.0,0.0,0.0,-0.6,-0.048159292742187415,0.002201080322265625,0.002201080322265625,0.012785673141479492,0
3.2418341636657715,-0.06197341904044151,0.010719221085309982,-0.23904849588871002,-0.04816116753161782,0.5131734609603882,-0.005445885471999645,-0.004865529481321573,0.0,0.0,0.0,-0.6,-0.04816116753161782,0.0015149116516113281,0.0015149116516113281,0.011210918426513672,0
3.254720687866211,-0.06197341904044151,0.010719221085309982,-0.23904849588871002,-0.04816116753161782,0.5131822228431702,-0.0038119081873446703,-0.003899132600054145,0.0,0.0,0.0,-0.6,-0.04816116753161782,0.001554250717163086,0.001554250717163086,0.011784791946411133,0
3.2679648399353027,-0.06197341904044151,0.010719221085309982,-0.23904849588871002,-0.04816116753161782,0.513188362121582,-0.002668230328708887,-0.0031240489333868027,0.0,0.0,0.0,-0.6,-0.04816116753161782,0.0015087127685546875,0.0015087127685546875,0.011960744857788086,0
3.2811458110809326,-0.06197341904044151,0.010719221085309982,-0.23904849588871002,-0.04816116753161782,0.5131927132606506,-0.001867707003839314,-0.002502567134797573,0.0,0.0,0.0,-0.6,-0.04816116753161782,0.001547098159790039,0.001547098159790039,0.011425018310546875,0
3.2939252853393555,-0.06197341904044151,0.010719221085309982,-0.23904849588871002,-0.04816116753161782,0.5131957530975342,-0.0013073711888864636,-0.0020044068805873394,0.0,0.0,0.0,-0.6,-0.04816116753161782,0.0016179084777832031,0.0016179084777832031,0.011295557022094727,0
3.3064699172973633,-0.06197341904044151,0.010719221085309982,-0.23904849588871002,-0.04816116753161782,0.5131978988647461,-0.0009151491103693843,-0.001605186378583312,0.0,0.0,0.0,-0.6,-0.04816116753161782,0.0015645027160644531,0.0015645027160644531,0.010942935943603516,0
3.3193247318267822,-0.06197341904044151,0.010719221085309982,-0.23904849588871002,-0.04816116753161782,0.5131994485855103,-0.0006405992899090052,-0.001285308855585754,0.0,0.0,0.0,-0.6,-0.04816116753161782,0.0015683174133300781,0.0015683174133300781,0.011433839797973633,0
3.3320751190185547,-0.06197341904044151,0.010719221085309982,-0.23904849588871002,-0.04816116753161782,0.5132004618644714,-0.0004484152013901621,-0.00102904811501503,0.0,0.0,0.0,-0.6,-0.04816116753161782,0.001598358154296875,0.001598358154296875,0.011231184005737305,0
3.344672918319702,-0.06197341904044151,0.010719221085309982,-0.23904849588871002,-0.04816116753161782,0.5132012367248535,-0.00031388987554237247,-0.0008238184382207692,0.0,0.0,0.0,-0.6,-0.04816116753161782,0.0015475749969482422,0.0015475749969482422,0.013947248458862305,0
3.360020399093628,-0.06197341904044151,0.010719221085309982,-0.23904849588871002,-0.04816116753161782,0.5132017731666565,-0.0002197235298808664,-0.0006594449514523149,0.0,0.0,0.0,-0.6,-0.04816116753161782,0.0015153884887695312,0.0015153884887695312,0.011486530303955078,0
3.3728513717651367,-0.06197341904044151,0.010719221085309982,-0.23904849588871002,-0.04816116753161782,0.5132021307945251,-0.00015380472177639604,-0.0005278268363326788,0.0,0.0,0.0,-0.6,-0.04816116753161782,0.0014567375183105469,0.0014567375183105469,0.011159420013427734,0
3.3853402137756348,-0.06197341904044151,0.010719221085309982,-0.23904849588871002,-0.04816116753161782,0.513202428817749,-0.00010766415653051808,-0.00042246325756423175,0.0,0.0,0.0,-0.6,-0.04816116753161782,0.0015139579772949219,0.0015139579772949219,0.011214017868041992,0
3.3980202674865723,-0.06197341904044151,0.010719221085309982,-0.23904849588871002,-0.04816116753161782,0.5132026076316833,-7.53651256673038e-05,-0.0003381087735760957,0.0,0.0,0.0,-0.6,-0.04816116753161782,0.0014767646789550781,0.0014767646789550781,0.010919809341430664,0
3.4102141857147217,-0.06197341904044151,0.010719221085309982,-0.23904849588871002,-0.04816116753161782,0.5132027268409729,-5.275452713249251e-05,-0.0002705724909901619,0.0,0.0,0.0,-0.6,-0.04816116753161782,0.0015158653259277344,0.0015158653259277344,0.011235475540161133,0
3.4233412742614746,-0.06197341904044151,0.010719221085309982,-0.23904849588871002,-0.04816116753161782,0.5132028460502625,-3.693312464747578e-05,-0.00021653613657690585,0.0,0.0,0.0,-0.6,-0.04816116753161782,0.0014853477478027344,0.0014853477478027344,0.011162757873535156,0
3.435930013656616,-0.06197341904044151,0.010719221085309982,-0.23904849588871002,-0.04816116753161782,0.5132029056549072,-2.585653419373557e-05,-0.00017328148533124477,0.0,0.0,0.0,-0.6,-0.04816116753161782,0.0014493465423583984,0.0014493465423583984,0.01130223274230957,0
3.4485530853271484,-0.06197341904044151,0.010719221085309982,-0.23904849588871002,-0.04816116753161782,0.5132029056549072,-1.809855348255951e-05,-0.0001386632357025519,0.0,0.0,0.0,-0.6,-0.04816116753161782,0.0014922618865966797,0.0014922618865966797,0.011594533920288086,0
3.4615464210510254,-0.06197341904044151,0.010719221085309982,-0.23904849588871002,-0.04816116753161782,0.513202965259552,-1.2668405361182522e-05,-0.00011094491492258385,0.0,0.0,0.0,-0.6,-0.04816116753161782,0.001495361328125,0.001495361328125,0.01107335090637207,0
3.4739315509796143,-0.06197341904044151,0.010719221085309982,-0.23904849588871002,-0.04816116753161782,0.513202965259552,-8.870514648151584e-06,-8.876297215465456e-05,0.0,0.0,0.0,-0.6,-0.04816116753161782,0.0015411376953125,0.0015411376953125,0.011049509048461914,0
3.486403703689575,-0.06197341904044151,0.010719221085309982,-0.23904849588871002,-0.04816116753161782,0.5132030248641968,-6.206586931511993e-06,-7.10173771949485e-05,0.0,0.0,0.0,-0.6,-0.04816116753161782,0.001491546630859375,0.001491546630859375,0.010848760604858398,0
3.498551368713379,-0.06197341904044151,0.010719221085309982,-0.23904849588871002,-0.04816116753161782,0.5132030248641968,-4.347828962636413e-06,-5.682634946424514e-05,0.0,0.0,0.0,-0.6,-0.04816116753161782,0.0015106201171875,0.0015106201171875,0.010876655578613281,0
3.5107789039611816,-0.06197341904044151,0.010719221085309982,-0.23904849588871002,-0.04816116753161782,0.5132030248641968,-3.041438503714744e-06,-4.547169737634249e-05,0.0,0.0,0.0,-0.6,-0.04816116753161782,0.001588582992553711,0.001588582992553711,0.011011838912963867,0
3.523785352706909,-0.06197341904044151,0.010719221085309982,-0.23904849588871002,-0.04816116753161782,0.5132030248641968,-2.1325167836039327e-06,-3.637159170466475e-05,0.0,0.0,0.0,-0.6,-0.04816116753161782,0.0014619827270507812,0.0014619827270507812,0.01121377944946289,0
3.5362467765808105,-0.06197341904044151,0.010719221085309982,-0.23904849588871002,-0.04816116753161782,0.5132030844688416,-1.4895504136802629e-06,-2.9098779123160057e-05,0.0,0.0,0.0,-0.6,-0.04816116753161782,0.0015425682067871094,0.0015425682067871094,0.01125955581665039,0
3.5491647720336914,-0.06197341904044151,0.010719221085309982,-0.23904849588871002,-0.04816116753161782,0.5132030844688416,-1.0409362403152045e-06,-2.327144284208771e-05,0.0,0.0,0.0,-0.6,-0.04816116753161782,0.0014653205871582031,0.0014653205871582031,0.011245489120483398,0
3.5617809295654297,-0.06197341904044151,0.010719221085309982,-0.23904849588871002,-0.04816116753161782,0.5132030844688416,-7.238357966343756e-07,-1.860773772932589e-05,0.0,0.0,0.0,-0.6,-0.04816116753161782,0.0015840530395507812,0.0015840530395507812,0.011150598526000977,0
3.5742666721343994,-0.06197341904044151,0.010719221085309982,-0.23904849588871002,-0.04816116753161782,0.5132030844688416,-5.090258810014348e-07,-1.4871313396724872e-05,0.0,0.0,0.0,-0.6,-0.04816116753161782,0.00150299072265625,0.00150299072265625,0.010724544525146484,0
3.5862977504730225,-0.06197341904044151,0.010719221085309982,-0.23904849588871002,-0.04816116753161782,0.5132030844688416,-3.5559017419473093e-07,-1.1898539014509879e-05,0.0,0.0,0.0,-0.6,-0.04816116753161782,0.0015380382537841797,0.0015380382537841797,0.011167526245117188,0
3.598872184753418,-0.06197341904044151,0.010719221085309982,-0.23904849588871002,-0.04816116753161782,0.5132030844688416,-2.5329964614684286e-07,-9.525771929475013e-06,0.0,0.0,0.0,-0.6,-0.04816116753161782,0.0014958381652832031,0.0014958381652832031,0.010833263397216797,0
3.6110312938690186,-0.06197341904044151,0.010719221085309982,-0.23904849588871002,-0.04816116753161782,0.5132030844688416,-1.816963219880563e-07,-7.616649327246705e-06,0.0,0.0,0.0,-0.6,-0.04816116753161782,0.0014688968658447266,0.0014688968658447266,0.010840892791748047,0
3.6238200664520264,-0.06197341904044151,0.010719221085309982,-0.23904849588871002,-0.04816116753161782,0.5132030844688416,-1.305511005966764e-07,-6.089349426474655e-06,0.0,0.0,0.0,-0.6,-0.04816116753161782,0.001493215560913086,0.001493215560913086,0.011167287826538086,0
3.6363277435302734,-0.06197341904044151,0.010719221085309982,-0.23904849588871002,-0.04816116753161782,0.5132030844688416,-8.963490216729042e-08,-4.862055902776774e-06,0.0,0.0,0.0,-0.6,-0.04816116753161782,0.0016219615936279297,0.0016219615936279297,0.011544942855834961,0
3.6491897106170654,-0.06197341904044151,0.010719221085309982,-0.23904849588871002,-0.04816116753161782,0.5132030844688416,-5.894775867432145e-08,-3.880219992424827e-06,0.0,0.0,0.0,-0.6,-0.04816116753161782,0.0015382766723632812,0.0015382766723632812,0.01112985610961914,0
3.6617319583892822,-0.06197341904044151,0.010719221085309982,-0.23904849588871002,-0.04816116753161782,0.5132030844688416,-3.8489663012342135e-08,-3.0892977065377636e-06,0.0,0.0,0.0,-0.6,-0.04816116753161782,0.0014884471893310547,0.0014884471893310547,0.011011600494384766,0
3.6740598678588867,-0.06197341904044151,0.010719221085309982,-0.23904849588871002,-0.04816116753161782,0.5132030844688416,-2.8260616957709317e-08,-2.4620137537567643e-06,0.0,0.0,0.0,-0.6,-0.04816116753161782,0.001600503921508789,0.001600503921508789,0.010867595672607422,0
3.6863625049591064,-0.06197341904044151,0.010719221085309982,-0.23904849588871002,-0.04816116753161782,0.5132030844688416,-1.803156912671966e-08,-1.971095798580791e-06,0.0,0.0,0.0,-0.6,-0.04816116753161782,0.0015180110931396484,0.0015180110931396484,0.011222124099731445,0
3.698892116546631,-0.06197341904044151,0.010719221085309982,-0.23904849588871002,-0.04816116753161782,0.5132030844688416,-7.802521295730003e-09,-1.5619978057657136e-06,0.0,0.0,0.0,-0.6,-0.04816116753161782,0.001520395278930664,0.001520395278930664,0.010774374008178711,0
3.7110702991485596,-0.06197341904044151,0.010719221085309982,-0.23904849588871002,-0.04816116753161782,0.5132030844688416,-7.802521295730003e-09,-1.2347189795036684e-06,0.0,0.0,0.0,-0.6,-0.04816116753161782,0.0015063285827636719,0.0015063285827636719,0.010843038558959961,0
3.7240164279937744,-0.06197341904044151,0.010719221085309982,-0.23904849588871002,-0.04816116753161782,0.5132030844688416,-7.802521295730003e-09,-9.892597745420062e-07,0.0,0.0,0.0,-0.6,-0.04816116753161782,0.0014827251434326172,0.0014827251434326172,0.012024641036987305,0
3.737156391143799,-0.06197341904044151,0.010719221085309982,-0.23904849588871002,-0.04816116753161782,0.5132030844688416,-7.802521295730003e-09,-7.983470027284056e-07,0.0,0.0,0.0,-0.6,-0.04816116753161782,0.0015611648559570312,0.0015611648559570312,0.011460065841674805,0
3.75002121925354,-0.06197341904044151,0.010719221085309982,-0.23904849588871002,-0.04816116753161782,0.5132030844688416,-7.802521295730003e-09,-6.347075327539642e-07,0.0,0.0,0.0,-0.6,-0.04816116753161782,0.001486063003540039,0.001486063003540039,0.010923624038696289,0
3.762302875518799,-0.06197341904044151,0.010719221085309982,-0.23904849588871002,-0.04816116753161782,0.5132030844688416,-7.802521295730003e-09,-4.983414214621007e-07,0.0,0.0,0.0,-0.6,-0.04816116753161782,0.0019521713256835938,0.0019521713256835938,0.011567831039428711,0
3.7751901149749756,-0.06197341904044151,0.010719221085309982,-0.23904849588871002,-0.04816116753161782,0.5132030844688416,-7.802521295730003e-09,-3.8924844147913973e-07,0.0,0.0,0.0,-0.6,-0.04816116753161782,0.0014803409576416016,0.0014803409576416016,0.01102137565612793,0
3.787562847137451,-0.06197341904044151,0.010719221085309982,-0.23904849588871002,-0.04816116753161782,0.5132030844688416,-7.802520407551583e-09,-3.07428706491919e-07,0.0,0.0,0.0,-0.6,-0.04816116753161782,0.0014545917510986328,0.0014545917510986328,0.01128530502319336,0
3.8002328872680664,-0.06197341904044151,0.010719221085309982,-0.23904849588871002,-0.04816116753161782,0.5132030844688416,-7.802521295730003e-09,-2.5288224492214795e-07,0.0,0.0,0.0,-0.6,-0.04816116753161782,0.0014977455139160156,0.0014977455139160156,0.010966300964355469,0
3.812521457672119,-0.06197341904044151,0.010719221085309982,-0.23904849588871002,-0.04816116753161782,0.5132030844688416,-7.802520407551583e-09,-1.983357833523769e-07,0.0,0.0,0.0,-0.6,-0.04816116753161782,0.0014424324035644531,0.0014424324035644531,0.010797262191772461,0
3.8249568939208984,-0.06197341904044151,0.010719221085309982,-0.23904849588871002,-0.04816116753161782,0.5132030844688416,-7.802520407551583e-09,-1.437892933608964e-07,0.0,0.0,0.0,-0.6,-0.04816116753161782,0.0014843940734863281,0.0014843940734863281,0.010675191879272461,0
3.836991548538208,-0.06197341904044151,0.010719221085309982,-0.23904849588871002,-0.04816116753161782,0.5132030844688416,-7.802521295730003e-09,-1.1651604836515617e-07,0.0,0.0,0.0,-0.6,-0.04816116753161782,0.001962423324584961,0.001962423324584961,0.011452198028564453,0
3.849747657775879,-0.06197341904044151,0.010719221085309982,-0.23904849588871002,-0.04816116753161782,0.5132030844688416,-7.802521295730003e-09,-8.924281047484328e-08,0.0,0.0,0.0,-0.6,-0.04816116753161782,0.0015418529510498047,0.0015418529510498047,0.010979890823364258,0
3.8620829582214355,-0.06197341904044151,0.010719221085309982,-0.23904849588871002,-0.04816116753161782,0.5132030844688416,-7.802521295730003e-09,-6.196956547910304e-08,0.0,0.0,0.0,-0.6,-0.04816116753161782,0.0014998912811279297,0.0014998912811279297,0.011200189590454102,0
3.8746423721313477,-0.06197341904044151,0.010719221085309982,-0.23904849588871002,-0.04816116753161782,0.5132030844688416,-7.802521295730003e-09,-3.469633824693119e-08,0.0,0.0,0.0,-0.6,-0.04816116753161782,0.0015447139739990234,0.0015447139739990234,0.011015653610229492,0
3.8870127201080322,-0.06197341904044151,0.010719221085309982,-0.23904849588871002,-0.04816116753161782,0.5132030844688416,-7.802521295730003e-09,-3.469633824693119e-08,0.0,0.0,0.0,-0.6,-0.04816116753161782,0.0014700889587402344,0.0014700889587402344,0.012723684310913086,0
3.901803970336914,-0.06197341904044151,0.010719221085309982,-0.23904849588871002,-0.04816116753161782,0.5132030844688416,-7.802521295730003e-09,-3.469633824693119e-08,0.0,0.0,0.0,-0.6,-0.04816116753161782,0.0024018287658691406,0.0024018287658691406,0.018065690994262695,0
3.9221792221069336,-0.06197341904044151,0.010719221085309982,-0.23904849588871002,-0.04816116753161782,0.5132030844688416,-7.802521295730003e-09,-3.469633824693119e-08,0.0,0.0,0.0,-0.6,-0.04816116753161782,0.0020990371704101562,0.0020990371704101562,0.015533924102783203,0
3.9393622875213623,-0.06197341904044151,0.010719221085309982,-0.23904849588871002,-0.04816116753161782,0.5132030844688416,-7.802521295730003e-09,-3.469633824693119e-08,0.0,0.0,0.0,-0.6,-0.04816116753161782,0.001980304718017578,0.001980304718017578,0.014760732650756836,0
3.955789566040039,-0.06197341904044151,0.010719221085309982,-0.23904849588871002,-0.04816116753161782,0.5132030844688416,-7.802521295730003e-09,-3.469633824693119e-08,0.0,0.0,0.0,-0.6,-0.04816116753161782,0.0018622875213623047,0.0018622875213623047,0.014754533767700195,0
3.972318649291992,-0.06197341904044151,0.010719221085309982,-0.23904849588871002,-0.04816116753161782,0.5132030844688416,-7.802521295730003e-09,-3.469633824693119e-08,0.0,0.0,0.0,-0.6,-0.04816116753161782,0.002239704132080078,0.002239704132080078,0.02481532096862793,0
4.000375747680664,-0.06197341904044151,0.010719221085309982,-0.23904849588871002,-0.04816116753161782,0.516242265701294,0.800000011920929,-0.800000011920929,0.024080585688352585,0.5556636903505183,0.2263578212168584,-0.7,0.0,0.0014083385467529297,0.0014083385467529297,0.013625383377075195,0
4.0157599449157715,-0.06197341904044151,0.010719221085309982,-0.23904849588871002,-0.04816116753161782,0.5186845660209656,0.800000011920929,-0.800000011920929,0.024080585688352585,0.5539652573097728,0.2304831744265019,-0.7,0.0,0.0023543834686279297,0.0023543834686279297,0.014493703842163086,0
4.03225040435791,-0.06197341904044151,0.010719221085309982,-0.23904849588871002,-0.04816116753161782,0.5206102728843689,0.800000011920929,-0.800000011920929,0.024080585688352585,0.5521106845606636,0.23489102152691013,-0.7,0.0,0.001483917236328125,0.001483917236328125,0.011620521545410156,0
4.045664548873901,-0.06197341904044151,0.010719221085309982,-0.23904849588871002,-0.04816116753161782,0.5221118330955505,0.7057892084121704,-0.800000011920929,0.024080585688352585,0.5505762107979283,0.23846558683255586,-0.7,0.0,0.001539468765258789,0.001539468765258789,0.011533260345458984,0
4.058968782424927,-0.06197341904044151,0.010719221085309982,-0.23904849588871002,-0.04816116753161782,0.5232751965522766,0.5204131007194519,-0.800000011920929,0.024080585688352585,0.5490314507299611,0.24200096303393992,-0.7,0.0,0.0027010440826416016,0.0027010440826416016,0.013773918151855469,0
4.073963165283203,-0.06197341904044151,0.010719221085309982,-0.23904849588871002,-0.04816116753161782,0.5241736769676208,0.39549797773361206,-0.800000011920929,0.024080585688352585,0.5472632397533087,0.24597346689168034,-0.7,0.0,0.0015702247619628906,0.0015702247619628906,0.012190580368041992,0
4.087482690811157,-0.06197341904044151,0.010719221085309982,-0.23904849588871002,-0.04816116753161782,0.5248662233352661,0.3053746819496155,-0.7462283372879028,0.024080585688352585,0.5456443076807753,0.2495441634171543,-0.7,0.0,0.0016369819641113281,0.0016369819641113281,0.013629436492919922,0
4.10258936882019,-0.06197341904044151,0.010719221085309982,-0.23904849588871002,-0.04816116753161782,0.525399923324585,0.24597685039043427,-0.5862231850624084,0.024080585688352585,0.5438077606925269,0.253521437773178,-0.7,0.0,0.0015168190002441406,0.0015168190002441406,0.011936426162719727,0
4.11616063117981,-0.06197341904044151,0.010719221085309982,-0.23904849588871002,-0.04816116753161782,0.5258110761642456,0.2011488676071167,-0.4595450758934021,0.024080585688352585,0.5421331538288381,0.2570829506591157,-0.7,0.0,0.00205230712890625,0.00205230712890625,0.012313365936279297,0
4.130938768386841,-0.061259765177965164,0.00822123046964407,-0.24355949461460114,-0.048056190256315634,0.5259230136871338,0.20693613588809967,-0.3565880358219147,0.024028096348047256,0.540283100396245,0.2609485992034083,-0.7,0.0,0.0017757415771484375,0.0017757415771484375,0.012527942657470703,0
4.144806385040283,-0.061259765177965164,0.00822123046964407,-0.24355949461460114,-0.048056190256315634,0.526023805141449,0.17455320060253143,-0.274911105632782,0.024028096348047256,0.5385219636339305,0.26456397087255784,-0.7,0.0,0.001369476318359375,0.001369476318359375,0.013353824615478516,0
4.160089492797852,-0.061259765177965164,0.00822123046964407,-0.24355949461460114,-0.048056190256315634,0.5261119604110718,0.15479406714439392,-0.20858724415302277,0.024028096348047256,0.536553045378441,0.26853459645848377,-0.7,0.0,0.0014514923095703125,0.0014514923095703125,0.012024164199829102,0
4.174092054367065,-0.061259765177965164,0.00822123046964407,-0.24355949461460114,-0.048056190256315634,0.5261870622634888,0.1381143480539322,-0.15644240379333496,0.024028096348047256,0.5347233978388041,0.2721596733605552,-0.7,0.0,0.001980304718017578,0.001980304718017578,0.013336181640625,0
4.188943147659302,-0.061259765177965164,0.00822123046964407,-0.24355949461460114,-0.048056190256315634,0.5262502431869507,0.12812501192092896,-0.11404657363891602,0.024028096348047256,0.5327561159048158,0.27599079869809884,-0.7,0.0,0.0016248226165771484,0.0016248226165771484,0.012165069580078125,0
4.203703165054321,-0.06229433789849281,0.010325529612600803,-0.23507530987262726,-0.04805265312847068,0.5265000462532043,0.10370892286300659,-0.07439254224300385,0.024026324972510338,0.5307737019423623,0.27978434074551123,-0.7,0.0,0.0017142295837402344,0.0017142295837402344,0.013660907745361328,0
4.219314336776733,-0.06229433789849281,0.010325529612600803,-0.23507530987262726,-0.04805265312847068,0.5266813635826111,0.10528086870908737,-0.04858114570379257,0.024026324972510338,0.5286475785346401,0.28378114403438015,-0.7,0.0,0.0015909671783447266,0.0015909671783447266,0.012171268463134766,0
4.234076499938965,-0.06223803386092186,0.010255874134600163,-0.23537234961986542,-0.0480031037928165,0.5267825722694397,0.10102560371160507,-0.023259442299604416,0.024001551792025566,0.5266093962961301,0.2875457245945857,-0.7,0.0,0.0017330646514892578,0.0017330646514892578,0.013091564178466797,0
4.24873161315918,-0.06223803386092186,0.010255874134600163,-0.23537234961986542,-0.0480031037928165,0.5268566608428955,0.10118822753429413,-0.007568985689431429,0.024001551792025566,0.5245594771579586,0.29126852717684604,-0.7,0.0,0.0015926361083984375,0.0015926361083984375,0.012315034866333008,0
4.263755798339844,-0.06217607483267784,0.010194645263254642,-0.23566791415214539,-0.04801857707275451,0.526917576789856,0.10257893055677414,-0.0033599219750612974,0.02400928921997547,0.522430614109608,0.29506991280213213,-0.7,0.0,0.0016794204711914062,0.0016794204711914062,0.013152599334716797,0
4.278330087661743,-0.06217607483267784,0.010194645263254642,-0.23566791415214539,-0.04801857707275451,0.5269622802734375,0.10186281055212021,0.008716238662600517,0.02400928921997547,0.5203391758480741,0.2987426017121545,-0.7,0.0,0.0016922950744628906,0.0016922950744628906,0.012428998947143555,0
4.2929534912109375,-0.062115054577589035,0.010144193656742573,-0.23595690727233887,-0.04799150722233235,0.5269713401794434,0.0928635448217392,0.021974554285407066,0.02399575524032116,0.5182147404722923,0.3024127688396021,-0.7,0.0,0.0017063617706298828,0.0017063617706298828,0.012917518615722656,0
4.307822942733765,-0.062115054577589035,0.010144193656742573,-0.23595690727233887,-0.04799150722233235,0.5269783735275269,0.09543148428201675,0.02970052883028984,0.02399575524032116,0.5160280169701486,0.3061291977284364,-0.7,0.0,0.0015673637390136719,0.0015673637390136719,0.012770891189575195,0
4.323241472244263,-0.06222043186426163,0.010331137105822563,-0.23627319931983948,-0.047995175774432665,0.5269808769226074,0.10751573741436005,0.03823748230934143,0.023997588083148003,0.5137324000140014,0.3099661613399985,-0.7,0.0,0.0015988349914550781,0.0015988349914550781,0.012221097946166992,0
4.337491989135742,-0.06222043186426163,0.010331137105822563,-0.23627319931983948,-0.047995175774432665,0.5269825458526611,0.10416445881128311,0.04248072952032089,0.023997588083148003,0.5115853124228966,0.3134971580623454,-0.7,0.0,0.0017216205596923828,0.0017216205596923828,0.01314544677734375,0
4.352739572525024,-0.06216314062476158,0.010288262739777565,-0.23659923672676086,-0.047965718943378144,0.52695232629776,0.11163175106048584,0.04993500933051109,0.023982862010598183,0.5092611267500154,0.31725873475966687,-0.7,0.0,0.0015306472778320312,0.0015306472778320312,0.012125968933105469,0
4.367002964019775,-0.06216314062476158,0.010288262739777565,-0.23659923672676086,-0.047965718943378144,0.5269305109977722,0.1068291962146759,0.052267421036958694,0.023982862010598183,0.5070619214173344,0.3207619177030854,-0.7,0.0,0.0016040802001953125,0.0016040802001953125,0.012607097625732422,0
4.382218837738037,-0.06210799887776375,0.01025003008544445,-0.2369334101676941,-0.04801656407434629,0.5269101858139038,0.092701755464077,0.048797257244586945,0.024008283391594887,0.5046892945414407,0.32448222751833866,-0.7,0.0,0.0017521381378173828,0.0017521381378173828,0.012981891632080078,0
4.396759986877441,-0.06210799887776375,0.01025003008544445,-0.2369334101676941,-0.04801656407434629,0.5268953442573547,0.0938650444149971,0.051827672868967056,0.024008283391594887,0.5023963697298166,0.32802116956425453,-0.7,0.0,0.0015604496002197266,0.0015604496002197266,0.012569665908813477,0
4.411869525909424,-0.06204919517040253,0.010208874009549618,-0.2372715175151825,-0.04800826879901042,0.5268704891204834,0.08871141076087952,0.04915117472410202,0.0240041334182024,0.4999875308092845,0.33168127628076133,-0.7,0.0,0.0019223690032958984,0.0019223690032958984,0.01250910758972168,0
4.426486253738403,-0.06204919517040253,0.010208874009549618,-0.2372715175151825,-0.04800826879901042,0.5268524885177612,0.09094933420419693,0.0524800680577755,0.0240041334182024,0.4976318828866748,0.33520517468359995,-0.7,0.0,0.0016667842864990234,0.0016667842864990234,0.01230621337890625,0
4.44104266166687,-0.06199672073125839,0.010177991352975368,-0.23760110139846802,-0.04800129213607934,0.5268292427062988,0.10870332270860672,0.06968919187784195,0.02400064654648304,0.4952612736592137,0.3386979049439978,-0.7,0.0,0.0016815662384033203,0.0016815662384033203,0.012883424758911133,0
4.455935955047607,-0.06199672073125839,0.010177991352975368,-0.23760110139846802,-0.04800129213607934,0.5268115997314453,0.10520398616790771,0.0693889781832695,0.02400064654648304,0.49281042974259043,0.3422541166106308,-0.7,0.0,0.0015575885772705078,0.0015575885772705078,0.012749433517456055,0
4.470711946487427,-0.06195102259516716,0.010171179659664631,-0.23791542649269104,-0.04801197380172272,0.5267833471298218,0.10283958166837692,0.05929618701338768,0.024005986750125885,0.49035365480711196,0.345764794647037,-0.7,0.0,0.0018191337585449219,0.0018191337585449219,0.012851715087890625,0
4.485124826431274,-0.06195102259516716,0.010171179659664631,-0.23791542649269104,-0.04801197380172272,0.5267626047134399,0.09988348186016083,0.06095273420214653,0.024005986750125885,0.48793315816488037,0.3491722113273705,-0.7,0.0,0.0016345977783203125,0.0016345977783203125,0.01238703727722168,0
4.50006365776062,-0.061901528388261795,0.010161141864955425,-0.23821978271007538,-0.04795878334843004,0.526741623878479,0.07645652443170547,0.06814886629581451,0.023979391902685165,0.48539934569391624,0.3526860859176585,-0.7,0.0,0.001623392105102539,0.001623392105102539,0.01190185546875,0
4.514118432998657,-0.061901528388261795,0.010161141864955425,-0.23821978271007538,-0.04795878334843004,0.5267254710197449,0.08044277876615524,0.06789697706699371,0.023979391902685165,0.4829923748877255,0.35597523200401854,-0.7,0.0,0.0019202232360839844,0.0019202232360839844,0.012957096099853516,0
4.52987003326416,-0.06184617802500725,0.010154014453291893,-0.23851820826530457,-0.047997484455080675,0.5266954898834229,0.09368754923343658,0.06643584370613098,0.023998742923140526,0.4802683312679658,0.3596419469153778,-0.7,0.0,0.0016188621520996094,0.0016188621520996094,0.011936187744140625,0
4.5437912940979,-0.06184617802500725,0.010154014453291893,-0.23851820826530457,-0.047997484455080675,0.5266731977462769,0.09196842461824417,0.06670824438333511,0.023998742923140526,0.4778376450244917,0.36286524357872557,-0.7,0.0,0.0017521381378173828,0.0017521381378173828,0.01260066032409668,0
4.558462619781494,-0.061790864914655685,0.010153191164135933,-0.2388233244419098,-0.04799240016981822,0.5266433954238892,0.11164850741624832,0.07098092138767242,0.023996202275156975,0.47525258544839105,0.3662444266123646,-0.7,0.0,0.0017266273498535156,0.0017266273498535156,0.012751340866088867,0
4.573249578475952,-0.061790864914655685,0.010153191164135933,-0.2388233244419098,-0.04799240016981822,0.5266212224960327,0.10588142275810242,0.07144737243652344,0.023996202275156975,0.47262297214285404,0.3696316087712941,-0.7,0.0,0.0017652511596679688,0.0017652511596679688,0.012463569641113281,0
4.587864398956299,-0.06173524633049965,0.010158156976103783,-0.23912465572357178,-0.04799031445222966,0.5265982151031494,0.08038607984781265,0.06707500666379929,0.023995159193873405,0.4700002497639514,0.37296080923043823,-0.7,0.0,0.001621246337890625,0.001621246337890625,0.013071537017822266,0
4.602338075637817,-0.06173524633049965,0.010158156976103783,-0.23912465572357178,-0.04799031445222966,0.5265809297561646,0.08310583978891373,0.06823927909135818,0.023995159193873405,0.4673797440150934,0.3762395179727745,-0.7,0.0,0.0016143321990966797,0.0016143321990966797,0.012258529663085938,0
4.617371320724487,-0.061679668724536896,0.010156647302210331,-0.23942776024341583,-0.04798950379396634,0.5265606045722961,0.0797990933060646,0.068516306579113,0.023994751274585724,0.464633713181519,0.37962548989122674,-0.7,0.0,0.001674652099609375,0.001674652099609375,0.01209568977355957,0
4.6315319538116455,-0.061679668724536896,0.010156647302210331,-0.23942776024341583,-0.04798950379396634,0.5265451073646545,0.0818120688199997,0.06931012868881226,0.023994751274585724,0.46202463944469235,0.38279659421943923,-0.7,0.0,0.0018169879913330078,0.0018169879913330078,0.012581110000610352,0
4.646340370178223,-0.06163473799824715,0.010162155143916607,-0.23971904814243317,-0.04797634955992938,0.5265079140663147,0.10738439112901688,0.07622291892766953,0.02398817427456379,0.45927306478088475,0.3860935792871635,-0.7,0.0,0.001529693603515625,0.001529693603515625,0.012801170349121094,0
4.661251783370972,-0.06163473799824715,0.010162155143916607,-0.23971904814243317,-0.04797634955992938,0.5264804363250732,0.10218203812837601,0.07657909393310547,0.02398817427456379,0.4564785798178817,0.38939351068995715,-0.7,0.0,0.001623392105102539,0.001623392105102539,0.012418031692504883,0
4.676068544387817,-0.0616072416305542,0.010172714479267597,-0.23990179598331451,-0.047983764641063076,0.5264537334442139,0.09787335246801376,0.07560687512159348,0.02399188093841076,0.4536783483183366,0.3926524624488506,-0.7,0.0,0.001621246337890625,0.001621246337890625,0.012660980224609375,0
4.690770626068115,-0.061585843563079834,0.010182607918977737,-0.24007536470890045,-0.047980155947442676,0.5264291763305664,0.08025204390287399,0.06991532444953918,0.023990079760551453,0.4508767929906067,0.3958662874538644,-0.7,0.0,0.0017461776733398438,0.0017461776733398438,0.012825965881347656,0
4.705676078796387,-0.061585843563079834,0.010182607918977737,-0.24007536470890045,-0.047980155947442676,0.5264108180999756,0.08267469704151154,0.07186362147331238,0.023990079760551453,0.44801324440508034,0.3991041628918868,-0.7,0.0,0.0016171932220458984,0.0016171932220458984,0.012625455856323242,0
4.721453666687012,-0.061551354825496674,0.01019690278917551,-0.24032534658908844,-0.04793590214822171,0.5263923406600952,0.07519163191318512,0.07496234029531479,0.02396795153617859,0.44495681739022697,0.4025089199731607,-0.7,0.0,0.0018165111541748047,0.0018165111541748047,0.012403726577758789,0
4.735227108001709,-0.061551354825496674,0.01019690278917551,-0.24032534658908844,-0.04793590214822171,0.52637779712677,0.07679884880781174,0.07488905638456345,0.02396795153617859,0.4422674734389468,0.40546205980082833,-0.7,0.0,0.0018270015716552734,0.0018270015716552734,0.012717723846435547,0
4.750455379486084,-0.06152778118848801,0.01021768432110548,-0.2405531257390976,-0.04798611039659537,0.5263572931289673,0.10038011521100998,0.08075226843357086,0.023993056267499924,0.4392712564473923,0.4087062065336533,-0.7,0.0,0.0017654895782470703,0.0017654895782470703,0.012688159942626953,0
4.764702796936035,-0.06152778118848801,0.01021768432110548,-0.2405531257390976,-0.04798611039659537,0.526341438293457,0.09493596851825714,0.08027631044387817,0.023993056267499924,0.43644647646546386,0.411721353807258,-0.7,0.0,0.0016334056854248047,0.0016334056854248047,0.012868165969848633,0
4.779612064361572,-0.06151194870471954,0.01025023590773344,-0.24075859785079956,-0.047961843651497235,0.526309609413147,0.08931677043437958,0.0785311684012413,0.023980921134352684,0.4334683164521167,0.4148556599977486,-0.7,0.0,0.0015485286712646484,0.0015485286712646484,0.01267862319946289,0
4.794156074523926,-0.06151194870471954,0.01025023590773344,-0.24075859785079956,-0.047961843651497235,0.5262858867645264,0.0873718336224556,0.07912169396877289,0.023980921134352684,0.4305414283418039,0.41789242453219866,-0.7,0.0,0.0016164779663085938,0.0016164779663085938,0.012865304946899414,0
4.809156656265259,-0.06149855628609657,0.010276738554239273,-0.24095025658607483,-0.04794883998424702,0.5262824296951294,0.06282772123813629,0.07579736411571503,0.02397441864013672,0.42750037322249296,0.42100288703835415,-0.7,0.0,0.00162506103515625,0.00162506103515625,0.012145280838012695,0
4.823482036590576,-0.06149855628609657,0.010276738554239273,-0.24095025658607483,-0.04794883998424702,0.5262784957885742,0.06810726225376129,0.07679399102926254,0.02397441864013672,0.4245752222116222,0.42395268684601073,-0.7,0.0,0.0016217231750488281,0.0016217231750488281,0.012670278549194336,0
4.8388378620147705,-0.06148843467235565,0.010304957628250122,-0.24111239612102509,-0.04793240683098877,0.5262755155563354,0.08966064453125,0.08117647469043732,0.02396620251238346,0.42141706246105654,0.4270920971719027,-0.7,0.0,0.0018723011016845703,0.0018723011016845703,0.012348413467407227,0
4.852632284164429,-0.06148843467235565,0.010304957628250122,-0.24111239612102509,-0.04793240683098877,0.5262718200683594,0.08565997332334518,0.08070588856935501,0.02396620251238346,0.41856023163787887,0.42989223357865536,-0.7,0.0,0.0017058849334716797,0.0017058849334716797,0.013146638870239258,0
4.86780047416687,-0.061483558267354965,0.010344605892896652,-0.2412603795528412,-0.047949143623537534,0.5262547731399536,0.0961303561925888,0.08408403396606445,0.023974569514393806,0.4153974209214068,0.4329491687159632,-0.7,0.0,0.0016012191772460938,0.0016012191772460938,0.01298832893371582,0
4.8827245235443115,-0.061483558267354965,0.010344605892896652,-0.2412603795528412,-0.047949143623537534,0.5262413024902344,0.09170255064964294,0.0846301019191742,0.023974569514393806,0.4122637271031205,0.43593419149573914,-0.7,0.0,0.0016896724700927734,0.0016896724700927734,0.012745857238769531,0
4.897613286972046,-0.061478544026613235,0.010387673042714596,-0.2413901835680008,-0.04794148321684049,0.5262383818626404,0.061296336352825165,0.08062227070331573,0.023970743641257286,0.4091160687535142,0.4388895559109032,-0.7,0.0,0.0017154216766357422,0.0017154216766357422,0.012681722640991211,0
4.911879062652588,-0.061478544026613235,0.010387673042714596,-0.2413901835680008,-0.04794148321684049,0.5262348651885986,0.06588426977396011,0.081251360476017,0.023970743641257286,0.40608024095860246,0.44169994102671484,-0.7,0.0,0.001851797103881836,0.001851797103881836,0.01310586929321289,0
4.928261041641235,-0.061479851603507996,0.010429606772959232,-0.24150130152702332,-0.047933598511644755,0.526232123374939,0.07278380542993546,0.08628153055906296,0.023966798558831215,0.4025702702303043,0.4449013121206767,-0.7,0.0,0.0015950202941894531,0.0015950202941894531,0.012676000595092773,0
4.9422760009765625,-0.061479851603507996,0.010429606772959232,-0.24150130152702332,-0.047933598511644755,0.5262284278869629,0.07315501570701599,0.08569452911615372,0.023966798558831215,0.39954741297129215,0.4476179897948112,-0.7,0.0,0.0017347335815429688,0.0017347335815429688,0.012508153915405273,0
4.956763744354248,-0.06149148941040039,0.010482003912329674,-0.24157008528709412,-0.04795128614397552,0.5262157320976257,0.09457361698150635,0.09003514796495438,0.023975642397999763,0.3964033129028087,0.45040472191094744,-0.7,0.0,0.0017306804656982422,0.0017306804656982422,0.013369560241699219,0
4.972244024276733,-0.06149148941040039,0.010482003912329674,-0.24157008528709412,-0.04795128614397552,0.5262052416801453,0.09034059196710587,0.0907263234257698,0.023975642397999763,0.3930223394489318,0.453357960880901,-0.7,0.0,0.0016264915466308594,0.0016264915466308594,0.012625932693481445,0
4.986972808837891,-0.06150369346141815,0.01053993497043848,-0.24161918461322784,-0.04789127488925535,0.5262079238891602,0.0663350522518158,0.0846247524023056,0.023945637047290802,0.3897850686068653,0.45614427574084637,-0.7,0.0,0.0015645027160644531,0.0015645027160644531,0.0131988525390625,0
5.0022804737091064,-0.06150369346141815,0.01053993497043848,-0.24161918461322784,-0.04789127488925535,0.5262082815170288,0.06989695131778717,0.08635828644037247,0.023945637047290802,0.38639963408318334,0.4590156018921165,-0.7,0.0,0.0015871524810791016,0.0015871524810791016,0.013191699981689453,0
5.018642425537109,-0.06151444837450981,0.010594896040856838,-0.24164748191833496,-0.04791466623050435,0.526214063167572,0.061726927757263184,0.08595150709152222,0.023957332596182823,0.3827576527920373,0.462056900423671,-0.7,0.0,0.002205371856689453,0.002205371856689453,0.016878128051757812,0
5.038556098937988,-0.06151444837450981,0.010594896040856838,-0.24164748191833496,-0.04791466623050435,0.526216983795166,0.07313042134046555,0.0933898463845253,0.023957332596182823,0.37829282702112227,0.4657193758309474,-0.7,0.0,0.002118825912475586,0.002118825912475586,0.014551162719726562,0
5.055076599121094,-0.061532407999038696,0.010657301172614098,-0.24166682362556458,-0.04786815456855303,0.5262183547019958,0.09940142184495926,0.10248629003763199,0.023934077471494675,0.3745621684676107,0.4687250600862313,-0.7,0.0,0.0016510486602783203,0.0016510486602783203,0.012617111206054688,0
5.069843053817749,-0.06154545396566391,0.010706399567425251,-0.24166348576545715,-0.04790471897431176,0.5262229442596436,0.08485956490039825,0.09886351972818375,0.023952357470989227,0.3712073894615747,0.47138633201347996,-0.7,0.0,0.0016407966613769531,0.0016407966613769531,0.012504816055297852,0
5.08438515663147,-0.06154545396566391,0.010706399567425251,-0.24166348576545715,-0.04790471897431176,0.5262241363525391,0.08061100542545319,0.09736078977584839,0.023952357470989227,0.36788510088828486,0.4739837049355351,-0.7,0.0,0.0016155242919921875,0.0016155242919921875,0.013107061386108398,0
5.0995519161224365,-0.06156053766608238,0.010783476755023003,-0.24165214598178864,-0.04785715312170158,0.5262380242347717,0.0544574074447155,0.0896846354007721,0.023928578943014145,0.36440074457468147,0.4766677011854461,-0.7,0.0,0.0017046928405761719,0.0017046928405761719,0.012558221817016602,0
5.114192485809326,-0.06156053766608238,0.010783476755023003,-0.24165214598178864,-0.04785715312170158,0.5262459516525269,0.059074077755212784,0.09031765908002853,0.023928578943014145,0.3610186973090425,0.4792342852856857,-0.7,0.0,0.0015933513641357422,0.0015933513641357422,0.012154102325439453,0
5.1289873123168945,-0.06157680228352547,0.010858370922505856,-0.24165597558021545,-0.04783788940092918,0.5262472629547119,0.07472234964370728,0.09844321012496948,0.02391894720494747,0.35758265322920446,0.48180353476242005,-0.7,0.0,0.0016405582427978516,0.0016405582427978516,0.012356996536254883,0
5.143304824829102,-0.06157680228352547,0.010858370922505856,-0.24165597558021545,-0.04783788940092918,0.5262461304664612,0.07241009175777435,0.09714412689208984,0.02391894720494747,0.35424005322642277,0.48426643977271555,-0.7,0.0,0.001680135726928711,0.001680135726928711,0.01234745979309082,0
5.158181428909302,-0.06159498170018196,0.010949895717203617,-0.24167729914188385,-0.04786412403818053,0.5262366533279419,0.0802266076207161,0.10091119259595871,0.023932062089443207,0.3507489590247595,0.4868009528986643,-0.7,0.0,0.001707315444946289,0.001707315444946289,0.01272273063659668,0
5.172420978546143,-0.06159498170018196,0.010949895717203617,-0.24167729914188385,-0.04786412403818053,0.5262278914451599,0.07576900720596313,0.09924684464931488,0.023932062089443207,0.3473903749435872,0.4892033599604094,-0.7,0.0,0.0014653205871582031,0.0014653205871582031,0.012769937515258789,0
5.187673807144165,-0.0616101399064064,0.011043267324566841,-0.24169297516345978,-0.047852114021920314,0.5262247920036316,0.045433297753334045,0.08932313323020935,0.023926056921482086,0.3437745475929051,0.49175101466829063,-0.7,0.0,0.0016214847564697266,0.0016214847564697266,0.01271510124206543,0
5.201821327209473,-0.0616101399064064,0.011043267324566841,-0.24169297516345978,-0.047852114021920314,0.5262208580970764,0.05089548975229263,0.09002614766359329,0.023926056921482086,0.34040403863313123,0.4940901643245428,-0.7,0.0,0.0017082691192626953,0.0017082691192626953,0.012915611267089844,0
5.21668815612793,-0.06162640079855919,0.011130555532872677,-0.2416844218969345,-0.047826057133840354,0.5262295603752136,0.06092194840312004,0.09309817850589752,0.023913027718663216,0.33684501410600637,0.49652334937233744,-0.7,0.0,0.0016217231750488281,0.0016217231750488281,0.012569427490234375,0
5.2318501472473145,-0.06162640079855919,0.011130555532872677,-0.2416844218969345,-0.047826057133840354,0.5262339115142822,0.06267643719911575,0.09452696889638901,0.023913027718663216,0.3331974179819945,0.49897843705929024,-0.7,0.0,0.0015904903411865234,0.0015904903411865234,0.01207876205444336,0
5.246097803115845,-0.061650972813367844,0.011228417046368122,-0.24164818227291107,-0.047865278885776054,0.5262270569801331,0.07888113707304001,0.09979436546564102,0.02393263950943947,0.32975347739568905,0.5012610538885409,-0.7,0.0,0.0018706321716308594,0.0018706321716308594,0.012420654296875,0
5.260000705718994,-0.061650972813367844,0.011228417046368122,-0.24164818227291107,-0.047865278885776054,0.5262202620506287,0.0732027068734169,0.09843038767576218,0.02393263950943947,0.3263777954114283,0.5034655248002348,-0.7,0.0,0.0016779899597167969,0.0016779899597167969,0.012569427490234375,0
5.275261640548706,-0.061668310314416885,0.011293421499431133,-0.24161021411418915,-0.04781547315907064,0.5262196063995361,0.05219960957765579,0.09079410880804062,0.02390773594379425,0.3226554170188849,0.5058591522038219,-0.7,0.0,0.0016176700592041016,0.0016176700592041016,0.013015985488891602,0
5.290383815765381,-0.06168460473418236,0.011354309506714344,-0.2415703684091568,-0.047823231033469825,0.5262354612350464,0.04045739024877548,0.09437765181064606,0.0239116158336401,0.3189495684772634,0.5082038692967296,-0.7,0.0,0.0017390251159667969,0.0017390251159667969,0.012494087219238281,0
5.304300308227539,-0.06168460473418236,0.011354309506714344,-0.2415703684091568,-0.047823231033469825,0.5262446999549866,0.04572226107120514,0.09428440779447556,0.0239116158336401,0.3155241259344552,0.5103376587645654,-0.7,0.0,0.0015327930450439453,0.0015327930450439453,0.012713193893432617,0
5.3201634883880615,-0.061710912734270096,0.011445042677223682,-0.24150463938713074,-0.04783482728854265,0.5262396931648254,0.0691843256354332,0.10612443834543228,0.023917414247989655,0.31160211992145764,0.5127417662532023,-0.7,0.0,0.0014071464538574219,0.0014071464538574219,0.01156163215637207,0
5.3330605030059814,-0.061710912734270096,0.011445042677223682,-0.24150463938713074,-0.04783482728854265,0.5262339115142822,0.06418810039758682,0.1025121733546257,0.023917414247989655,0.30839995716409035,0.5146741361494545,-0.7,0.0,0.0014731884002685547,0.0014731884002685547,0.011733293533325195,0
5.346901178359985,-0.06173831596970558,0.011544197797775269,-0.24143962562084198,-0.04782333117031893,0.5262384414672852,0.06429214030504227,0.09517519176006317,0.023911666125059128,0.30495016876197306,0.5167256472946201,-0.7,0.0,0.0015556812286376953,0.0015556812286376953,0.012607097625732422,0
5.361508846282959,-0.06173831596970558,0.011544197797775269,-0.24143962562084198,-0.04782333117031893,0.5262397527694702,0.062452688813209534,0.0962354764342308,0.023911666125059128,0.3012944089776398,0.5188657621377756,-0.7,0.0,0.001714468002319336,0.001714468002319336,0.012175321578979492,0
5.375870943069458,-0.06176695600152016,0.011649190448224545,-0.2413700819015503,-0.04778512156653497,0.5262550711631775,0.032021474093198776,0.0875466838479042,0.023892560973763466,0.2976854637586557,0.5209446848435965,-0.7,0.0,0.0016756057739257812,0.0016756057739257812,0.01192331314086914,0
5.38972282409668,-0.06176695600152016,0.011649190448224545,-0.2413700819015503,-0.04778512156653497,0.5262640714645386,0.038565296679735184,0.08920402079820633,0.023892560973763466,0.29419113641780514,0.5229259749268537,-0.7,0.0,0.0014698505401611328,0.0014698505401611328,0.011533498764038086,0
5.403456687927246,-0.061794400215148926,0.011750852689146996,-0.24130471050739288,-0.0477913782094379,0.5262699723243713,0.06198342144489288,0.10193485021591187,0.023895690217614174,0.290713561970829,0.5248672450117581,-0.7,0.0,0.0015554428100585938,0.0015554428100585938,0.011948347091674805,0
5.417203903198242,-0.061794400215148926,0.011750852689146996,-0.24130471050739288,-0.0477913782094379,0.5262720584869385,0.05903569236397743,0.10072897374629974,0.023895690217614174,0.28721977894266465,0.5267872422374396,-0.7,0.0,0.001424551010131836,0.001424551010131836,0.012444019317626953,0
5.432365417480469,-0.061815306544303894,0.011825881898403168,-0.24125905334949493,-0.04777385806457051,0.526270866394043,0.06462438404560089,0.09967269748449326,0.023886926472187042,0.28335186162662107,0.528877795443076,-0.7,0.0,0.0014646053314208984,0.0014646053314208984,0.012070655822753906,0
5.446977615356445,-0.06183434650301933,0.011904734186828136,-0.24122236669063568,-0.047703916432299175,0.5262814164161682,0.04296150431036949,0.09585992246866226,0.02385195903480053,0.27960968188728197,0.5308657323607289,-0.7,0.0,0.0015785694122314453,0.0015785694122314453,0.01222372055053711,0
5.460716962814331,-0.06183434650301933,0.011904734186828136,-0.24122236669063568,-0.047703916432299175,0.5262868404388428,0.04510616883635521,0.09606175869703293,0.02385195903480053,0.2760783140533585,0.5327107700332847,-0.7,0.0,0.0017466545104980469,0.0017466545104980469,0.012485504150390625,0
5.47512149810791,-0.061863046139478683,0.012024329043924809,-0.2411850094795227,-0.04771577681778275,0.5262852907180786,0.03546059504151344,0.09755238145589828,0.02385788783431053,0.2723629059877106,0.5346199093205652,-0.7,0.0,0.0016367435455322266,0.0016367435455322266,0.01215982437133789,0
5.489183664321899,-0.061863046139478683,0.012024329043924809,-0.2411850094795227,-0.04771577681778275,0.5262821912765503,0.03980514779686928,0.09805171191692352,0.02385788783431053,0.26872307049497446,0.536458676305783,-0.7,0.0,0.001971721649169922,0.001971721649169922,0.012781381607055664,0
5.5041749477386475,-0.06188013777136803,0.01210919301956892,-0.24116849899291992,-0.047648980465985674,0.5262759923934937,0.06028808653354645,0.10937993973493576,0.02382448874413967,0.26482907697479013,0.5383916418265431,-0.7,0.0,0.0016620159149169922,0.0016620159149169922,0.013113021850585938,0
5.519955158233643,-0.061900544911623,0.012199778109788895,-0.24116118252277374,-0.047667945007125144,0.5262731313705444,0.06362086534500122,0.10320945084095001,0.023833975195884705,0.26071514318875966,0.540395793943721,-0.7,0.0,0.0016281604766845703,0.0016281604766845703,0.011889219284057617,0
5.53428840637207,-0.061900544911623,0.012199778109788895,-0.24116118252277374,-0.047667945007125144,0.5262690782546997,0.0591411367058754,0.10318256169557571,0.023833975195884705,0.2569652856077412,0.5421889356972641,-0.7,0.0,0.0016641616821289062,0.0016641616821289062,0.011996984481811523,0
5.548733472824097,-0.06192442402243614,0.012341290712356567,-0.2411482334136963,-0.04764234910931669,0.5262823700904846,0.028261203318834305,0.09692435711622238,0.02382117509841919,0.25317369792064987,0.543969740593338,-0.7,0.0,0.0017864704132080078,0.0017864704132080078,0.012775897979736328,0
5.563003063201904,-0.06192442402243614,0.012341290712356567,-0.2411482334136963,-0.04764234910931669,0.5262898206710815,0.033897727727890015,0.09814471751451492,0.02382117509841919,0.24941605258475008,0.5457028795169044,-0.7,0.0,0.0016701221466064453,0.0016701221466064453,0.012102365493774414,0
5.577181100845337,-0.06194739043712616,0.012461945414543152,-0.24111288785934448,-0.04762002209165667,0.526284396648407,0.05084275081753731,0.11090193688869476,0.0238100104033947,0.24567076593930007,0.5473991914159151,-0.7,0.0,0.0016026496887207031,0.0016026496887207031,0.01274251937866211,0
5.59195613861084,-0.06194739043712616,0.012461945414543152,-0.24111288785934448,-0.04762002209165667,0.5262784361839294,0.0497637577354908,0.11024396121501923,0.0238100104033947,0.24175550278689706,0.5491395786794597,-0.7,0.0,0.001668691635131836,0.001668691635131836,0.012349367141723633,0
5.6063408851623535,-0.06197485327720642,0.012595342472195625,-0.2410711795091629,-0.047609982500529086,0.5262654423713684,0.046787556260824203,0.1024240031838417,0.023804988712072372,0.23793181773939934,0.5508070897394343,-0.7,0.0,0.002004861831665039,0.002004861831665039,0.012243270874023438,0
5.6212217807769775,-0.06197485327720642,0.012595342472195625,-0.2410711795091629,-0.047609982500529086,0.5262543559074402,0.04657294228672981,0.10377930104732513,0.023804988712072372,0.23396414828137202,0.5525040971060505,-0.7,0.0,0.0016088485717773438,0.0016088485717773438,0.01226496696472168,0
5.6354451179504395,-0.06199933961033821,0.012726163491606712,-0.24102964997291565,-0.04759259591166177,0.5262711048126221,0.01987673155963421,0.0978049486875534,0.02379629760980606,0.23016048752176352,0.554099404424643,-0.7,0.0,0.0015091896057128906,0.0015091896057128906,0.011234283447265625,0
5.648622751235962,-0.06199933961033821,0.012726163491606712,-0.24102964997291565,-0.04759259591166177,0.5262808799743652,0.02575690858066082,0.09759973734617233,0.02379629760980606,0.2266267622824924,0.5555540573313767,-0.7,0.0,0.0018579959869384766,0.0018579959869384766,0.012381315231323242,0
5.663071632385254,-0.062023311853408813,0.01285627018660307,-0.24099597334861755,-0.04755107411144655,0.5262678265571594,0.05316346883773804,0.11145259439945221,0.023775536566972733,0.22274157739404965,0.5571231369275652,-0.7,0.0,0.0014274120330810547,0.0014274120330810547,0.01172184944152832,0
5.676684617996216,-0.062023311853408813,0.01285627018660307,-0.24099597334861755,-0.04755107411144655,0.5262565612792969,0.049049776047468185,0.10935211181640625,0.023775536566972733,0.21907121625786374,0.5585765858029679,-0.7,0.0,0.0014171600341796875,0.0014171600341796875,0.011481046676635742,0
5.690140247344971,-0.062042899429798126,0.012948859483003616,-0.2409660518169403,-0.04754303363673283,0.5262511968612671,0.042087260633707047,0.10102827847003937,0.023771516978740692,0.21543396164675208,0.5599894714806571,-0.7,0.0,0.001734018325805664,0.001734018325805664,0.011865377426147461,0
5.7033984661102295,-0.062042899429798126,0.012948859483003616,-0.2409660518169403,-0.04754303363673283,0.5262454748153687,0.04060674458742142,0.100567527115345,0.023771516978740692,0.21184115724033029,0.561358463104528,-0.7,0.0,0.0014638900756835938,0.0014638900756835938,0.01278066635131836,0
5.719319581985474,-0.06207013130187988,0.013083498924970627,-0.24092285335063934,-0.047514236152169334,0.5262546539306641,0.01985456794500351,0.10106127709150314,0.023757118731737137,0.20751526073379617,0.5629719500673054,-0.7,0.0,0.0016453266143798828,0.0016453266143798828,0.011956453323364258,0
5.732843399047852,-0.06207013130187988,0.013083498924970627,-0.24092285335063934,-0.047514236152169334,0.5262590646743774,0.024841414764523506,0.10105222463607788,0.023757118731737137,0.20383106803560108,0.5643163082026481,-0.7,0.0,0.001542806625366211,0.001542806625366211,0.012162446975708008,0
5.747369289398193,-0.062096577137708664,0.013209888711571693,-0.24087467789649963,-0.04748678778438598,0.5262496471405029,0.04602602496743202,0.10888286679983139,0.023743394762277603,0.19986419206681588,0.5657334219661049,-0.7,0.0,0.001691579818725586,0.001691579818725586,0.012298583984375,0
5.761624097824097,-0.062096577137708664,0.013209888711571693,-0.24087467789649963,-0.04748678778438598,0.5262408256530762,0.043318118900060654,0.10855935513973236,0.023743394762277603,0.1959617674778238,0.5670969808480444,-0.7,0.0,0.001650094985961914,0.001650094985961914,0.011967897415161133,0
5.775509357452393,-0.06212754175066948,0.013342175632715225,-0.24082013964653015,-0.04745600753967572,0.5262513160705566,0.028267044574022293,0.09538937360048294,0.023728005588054657,0.1921515665811085,0.5683993098697656,-0.7,0.0,0.0014874935150146484,0.0014874935150146484,0.012128591537475586,0
5.789414882659912,-0.06212754175066948,0.013342175632715225,-0.24082013964653015,-0.04745600753967572,0.5262566804885864,0.030192187055945396,0.0972847267985344,0.023728005588054657,0.18832713168441462,0.5696778839585763,-0.7,0.0,0.0016467571258544922,0.0016467571258544922,0.012192726135253906,0
5.804332971572876,-0.062145523726940155,0.013429060578346252,-0.2407858967781067,-0.04747825591563091,0.5262677669525146,0.017473571002483368,0.10635587573051453,0.023739127442240715,0.18421475782406552,0.5710209479518426,-0.7,0.0,0.0015645027160644531,0.0015645027160644531,0.011966228485107422,0
5.81938910484314,-0.06216420605778694,0.013519128784537315,-0.24076250195503235,-0.04746349252447948,0.5262652635574341,0.03874355927109718,0.11391212046146393,0.023731745779514313,0.18005462065865155,0.5723463405836269,-0.7,0.0,0.0016367435455322266,0.0016367435455322266,0.012522220611572266,0
5.83333420753479,-0.06216420605778694,0.013519128784537315,-0.24076250195503235,-0.04746349252447948,0.5262612104415894,0.036889512091875076,0.11233031004667282,0.023731745779514313,0.1761929606299302,0.5735468948782304,-0.7,0.0,0.0013620853424072266,0.0013620853424072266,0.011774539947509766,0
5.847492933273315,-0.062196940183639526,0.013669811189174652,-0.24073438346385956,-0.047421412880814334,0.5262503623962402,0.038876764476299286,0.10362490266561508,0.02371070720255375,0.17226395651028337,0.574739183706334,-0.7,0.0,0.0015006065368652344,0.0015006065368652344,0.012608051300048828,0
5.861600160598755,-0.062196940183639526,0.013669811189174652,-0.24073438346385956,-0.047421412880814334,0.5262408256530762,0.036663539707660675,0.10446247458457947,0.02371070720255375,0.1683412197455145,0.5759003678889191,-0.7,0.0,0.0017921924591064453,0.0017921924591064453,0.012468338012695312,0
5.876184463500977,-0.06222061812877655,0.013834042474627495,-0.24072690308094025,-0.04741233212935997,0.5262432098388672,0.013975461013615131,0.10787540674209595,0.023706166073679924,0.16427759920366106,0.5770726734128738,-0.7,0.0,0.0016608238220214844,0.0016608238220214844,0.011667490005493164,0
5.889838218688965,-0.06222061812877655,0.013834042474627495,-0.24072690308094025,-0.04741233212935997,0.5262427926063538,0.01850125566124916,0.10721451044082642,0.023706166073679924,0.16046585516565035,0.5781441942335463,-0.7,0.0,0.0019199848175048828,0.0019199848175048828,0.01217031478881836,0
5.904055833816528,-0.06224784255027771,0.014007188379764557,-0.24074043333530426,-0.04737569531374461,0.5262189507484436,0.038135968148708344,0.11349808424711227,0.023687848821282387,0.15648927281222674,0.5792332064848323,-0.7,0.0,0.0015256404876708984,0.0015256404876708984,0.012356042861938477,0
5.91862940788269,-0.06224784255027771,0.014007188379764557,-0.24074043333530426,-0.04737569531374461,0.5262001156806946,0.03554902970790863,0.11327354609966278,0.023687848821282387,0.15240546326370516,0.5803210962625566,-0.7,0.0,0.0017004013061523438,0.0017004013061523438,0.012046575546264648,0
5.933420181274414,-0.062275685369968414,0.014157428406178951,-0.2407180219888687,-0.04734613308692708,0.5262085795402527,0.011218053288757801,0.10177897661924362,0.02367306686937809,0.1482530598029999,0.5813957604412403,-0.7,0.0,0.0016131401062011719,0.0016131401062011719,0.011743545532226562,0
5.9472270011901855,-0.062275685369968414,0.014157428406178951,-0.2407180219888687,-0.04734613308692708,0.5262124538421631,0.015796225517988205,0.10271742939949036,0.02367306686937809,0.14437005292754948,0.5823721214289851,-0.7,0.0,0.0017170906066894531,0.0017170906066894531,0.012533903121948242,0
5.9618964195251465,-0.06228979304432869,0.01426450815051794,-0.24071338772773743,-0.04730387448849764,0.5262178182601929,0.021088777109980583,0.11388903111219406,0.023651937022805214,0.1402374103558717,0.5833810664880021,-0.7,0.0,0.0015153884887695312,0.0015153884887695312,0.011518239974975586,0
5.976052522659302,-0.062306489795446396,0.014364391565322876,-0.2406996190547943,-0.04734878434609278,0.5261952877044678,0.03725562244653702,0.11312154680490494,0.023674393072724342,0.13624269189459784,0.5843269024316043,-0.7,0.0,0.0014495849609375,0.0014495849609375,0.012250900268554688,0
5.990305662155151,-0.062306489795446396,0.014364391565322876,-0.2406996190547943,-0.04734878434609278,0.5261773467063904,0.03360388055443764,0.11266008764505386,0.023674393072724342,0.13221414757844455,0.585251586226048,-0.7,0.0,0.0015788078308105469,0.0015788078308105469,0.011795759201049805,0
6.004155874252319,-0.06232492998242378,0.014460750855505466,-0.2406778186559677,-0.04727649930951765,0.526161253452301,0.018353119492530823,0.09992513060569763,0.023638250306248665,0.12829347515858536,0.5861235230151861,-0.7,0.0,0.0014281272888183594,0.0014281272888183594,0.013318777084350586,0
6.020289897918701,-0.06233951076865196,0.014535857364535332,-0.24063466489315033,-0.04726528556740024,0.5261663794517517,0.007996308617293835,0.11058206856250763,0.02363264188170433,0.12371907201350979,0.5871061158088169,-0.7,0.0,0.0014736652374267578,0.0014736652374267578,0.012151956558227539,0
6.034925937652588,-0.06233951076865196,0.014535857364535332,-0.24063466489315033,-0.04726528556740024,0.5261677503585815,0.012598407454788685,0.11126700043678284,0.02363264188170433,0.11956286995737583,0.5879665977991909,-0.7,0.0,0.0016603469848632812,0.0016603469848632812,0.01264190673828125,0
6.049666881561279,-0.06235939636826515,0.014653680846095085,-0.2405664175748825,-0.047243197310936916,0.5261587500572205,0.03219727799296379,0.12034005671739578,0.02362159825861454,0.11537083130468394,0.5888035082131102,-0.7,0.0,0.0016682147979736328,0.0016682147979736328,0.012601852416992188,0
6.064828157424927,-0.06237001344561577,0.014729348011314869,-0.24051347374916077,-0.04722192668675999,0.5261482000350952,0.022913677617907524,0.11264212429523468,0.02361096255481243,0.11105315141715393,0.5896331041930385,-0.7,0.0,0.0015974044799804688,0.0015974044799804688,0.011843204498291016,0
6.078121900558472,-0.06237001344561577,0.014729348011314869,-0.24051347374916077,-0.04722192668675999,0.5261385440826416,0.021746236830949783,0.1109398752450943,0.02361096255481243,0.10726239946246525,0.5903344625392918,-0.7,0.0,0.0018858909606933594,0.0018858909606933594,0.012577533721923828,0
6.092852354049683,-0.062377434223890305,0.014787600375711918,-0.24044792354106903,-0.047233058591256684,0.5261545181274414,0.008966010063886642,0.10879077017307281,0.023616528138518333,0.10305679993813141,0.5910831548830604,-0.7,0.0,0.0017580986022949219,0.0017580986022949219,0.012400388717651367,0
6.107113838195801,-0.062377434223890305,0.014787600375711918,-0.24044792354106903,-0.047233058591256684,0.5261634588241577,0.011939971707761288,0.10937522351741791,0.023616528138518333,0.09898011384678378,0.5917794665776075,-0.7,0.0,0.0017344951629638672,0.0017344951629638672,0.01275014877319336,0
6.12255859375,-0.0624038465321064,0.014897444285452366,-0.2403016835451126,-0.04718024036858647,0.526158332824707,0.02393236756324768,0.1168603003025055,0.023590117692947388,0.0945598881048848,0.592501837601869,-0.7,0.0,0.0016894340515136719,0.0016894340515136719,0.012441396713256836,0
6.137211799621582,-0.0624038465321064,0.014897444285452366,-0.2403016835451126,-0.04718024036858647,0.5261524319648743,0.02207959070801735,0.1165405735373497,0.023590117692947388,0.09036132574962868,0.5931566663275137,-0.7,0.0,0.0016484260559082031,0.0016484260559082031,0.012300252914428711,0
6.151594877243042,-0.062416866421699524,0.014966387301683426,-0.24024011194705963,-0.04716841289409586,0.526164174079895,0.00787130557000637,0.1106550544500351,0.02358420565724373,0.08623575385324857,0.5937704899684405,-0.7,0.0,0.0016112327575683594,0.0016112327575683594,0.012221336364746094,0
6.16579270362854,-0.062428176403045654,0.015044311061501503,-0.2401900589466095,-0.04716322943257125,0.5261693000793457,0.011487308889627457,0.11450139433145523,0.023581616580486298,0.0821592304730423,0.5943482656221666,-0.7,0.0,0.0016326904296875,0.0016326904296875,0.012313365936279297,0
6.180056571960449,-0.062428176403045654,0.015044311061501503,-0.2401900589466095,-0.04716322943257125,0.5261707305908203,0.01253304723650217,0.11408757418394089,0.023581616580486298,0.07805984943481722,0.5949005462312282,-0.7,0.0,0.0016751289367675781,0.0016751289367675781,0.012317895889282227,0
6.194532155990601,-0.06245103478431702,0.015182835049927235,-0.24013829231262207,-0.04715378759665975,0.5261562466621399,0.016300061717629433,0.10901138931512833,0.023576892912387848,0.07389583009663775,0.5954321172848579,-0.7,0.0,0.0016455650329589844,0.0016455650329589844,0.012459516525268555,0
6.20846700668335,-0.06245103478431702,0.015182835049927235,-0.24013829231262207,-0.04715378759665975,0.5261439681053162,0.015348621644079685,0.10925222188234329,0.023576892912387848,0.06988393772471248,0.5959162988609126,-0.7,0.0,0.0017576217651367188,0.0017576217651367188,0.012289762496948242,0
6.223797082901001,-0.06246368587017059,0.015283641405403614,-0.24011366069316864,-0.04710527565669365,0.5261379480361938,0.0010923593072220683,0.11364568024873734,0.023552637547254562,0.06546670011881155,0.5964177321102665,-0.7,0.0,0.0015289783477783203,0.0015289783477783203,0.011753320693969727,0
6.237510442733765,-0.06247301399707794,0.015392954461276531,-0.24010199308395386,-0.047081404080725996,0.5261291861534119,0.013596668839454651,0.1207415983080864,0.02354070171713829,0.061512253586119545,0.5968385398571014,-0.7,0.0,0.0016202926635742188,0.0016202926635742188,0.012647390365600586,0
6.25165581703186,-0.06247301399707794,0.015392954461276531,-0.24010199308395386,-0.047081404080725996,0.5261209011077881,0.012825043871998787,0.11900965124368668,0.02354070171713829,0.05743040006398001,0.5972451332145714,-0.7,0.0,0.0017094612121582031,0.0017094612121582031,0.012756586074829102,0
6.267005920410156,-0.062491778284311295,0.015498894266784191,-0.24003352224826813,-0.04705763823672766,0.5261041522026062,0.009164946153759956,0.10990853607654572,0.023528819903731346,0.05299787353618331,0.5976547710849824,-0.7,0.0,0.0016765594482421875,0.0016765594482421875,0.012463808059692383,0
6.281207323074341,-0.062491778284311295,0.015498894266784191,-0.24003352224826813,-0.04705763823672766,0.5260902643203735,0.009260294958949089,0.11047691106796265,0.023528819903731346,0.04889444487208399,0.5980044592314097,-0.7,0.0,0.0018055438995361328,0.0018055438995361328,0.012649059295654297,0
6.295780897140503,-0.06250739097595215,0.015613432042300701,-0.23996800184249878,-0.04708208980870424,0.5261093974113464,5.02225047966931e-05,0.1182788535952568,0.023541046306490898,0.04468108591439468,0.5983340208959461,-0.7,0.0,0.001653432846069336,0.001653432846069336,0.012363433837890625,0
6.31016993522644,-0.06250739097595215,0.015613432042300701,-0.23996800184249878,-0.04708208980870424,0.526120662689209,0.0024452090729027987,0.11743718385696411,0.023541046306490898,0.04051890232306913,0.5986302853636237,-0.7,0.0,0.0016736984252929688,0.0016736984252929688,0.011864423751831055,0
6.324864625930786,-0.06252677738666534,0.01571260392665863,-0.23988565802574158,-0.04701995213558733,0.5261090993881226,0.008358892053365707,0.11346569657325745,0.023509973660111427,0.036266284307718694,0.5989029609398435,-0.7,0.0,0.0015075206756591797,0.0015075206756591797,0.012767791748046875,0
6.339142084121704,-0.06252677738666534,0.01571260392665863,-0.23988565802574158,-0.04701995213558733,0.5260989665985107,0.007771473377943039,0.11347798258066177,0.023509973660111427,0.03213265854469107,0.5991389590527813,-0.7,0.0,0.0015330314636230469,0.0015330314636230469,0.012068510055541992,0
6.353745460510254,-0.06253962218761444,0.015808161348104477,-0.23980529606342316,-0.04700909304455146,0.5261021852493286,-0.002281368477270007,0.11687612533569336,0.02350454591214657,0.02790309123724879,0.5993508300648341,-0.7,0.0,0.0016696453094482422,0.0016696453094482422,0.011699676513671875,0
6.367020606994629,-0.06253962218761444,0.015808161348104477,-0.23980529606342316,-0.04700909304455146,0.5261023640632629,-0.0002408046566415578,0.11460619419813156,0.02350454591214657,0.024057006677102352,0.5995175230380992,-0.7,0.0,0.0017614364624023438,0.0017614364624023438,0.013165950775146484,0
6.382186412811279,-0.06255132704973221,0.01590394787490368,-0.23973169922828674,-0.04696902999888505,0.526077151298523,0.007632838096469641,0.11509773135185242,0.02348451502621174,0.019661956224278555,0.5996777530286033,-0.7,0.0,0.0015854835510253906,0.0015854835510253906,0.012308359146118164,0
6.3965654373168945,-0.06255132704973221,0.01590394787490368,-0.23973169922828674,-0.04696902999888505,0.5260573625564575,0.006337490398436785,0.11499225348234177,0.02348451502621174,0.015493935604072286,0.5997999149378873,-0.7,0.0,0.0017421245574951172,0.0017421245574951172,0.012190580368041992,0
6.410824537277222,-0.06256130337715149,0.01600128598511219,-0.23965877294540405,-0.04695860865023366,0.5260611772537231,-0.005152650643140078,0.11564602702856064,0.02347930520772934,0.011359937740123631,0.5998924502063187,-0.7,0.0,0.0014889240264892578,0.0014889240264892578,0.012298583984375,0
6.425748586654663,-0.06256130337715149,0.01600128598511219,-0.23965877294540405,-0.04695860865023366,0.5260616540908813,-0.0030674997251480818,0.1162685677409172,0.02347930520772934,0.007032583151011942,0.5999587842295703,-0.7,0.0,0.0017867088317871094,0.0017867088317871094,0.012722492218017578,0
