[0.052s] Invoking command in '/home/evannsrpi/nr_journal_v114/src/build/px4_msgs': CMAKE_PREFIX_PATH=/opt/ros/humble /usr/bin/cmake /home/evannsrpi/nr_journal_v114/src/px4_msgs -DAMENT_CMAKE_SYMLINK_INSTALL=1 -DCMAKE_INSTALL_PREFIX=/home/evannsrpi/nr_journal_v114/src/install/px4_msgs
[0.349s] -- The C compiler identification is GNU 11.4.0
[0.619s] -- The CXX compiler identification is GNU 11.4.0
[0.660s] -- Detecting C compiler ABI info
[1.130s] -- Detecting C compiler ABI info - done
[1.159s] -- Check for working C compiler: /usr/bin/cc - skipped
[1.160s] -- Detecting C compile features
[1.162s] -- Detecting C compile features - done
[1.174s] -- Detecting CXX compiler ABI info
[1.544s] -- Detecting CXX compiler ABI info - done
[1.572s] -- Check for working CXX compiler: /usr/bin/c++ - skipped
[1.573s] -- Detecting CXX compile features
[1.574s] -- Detecting CXX compile features - done
[1.597s] -- Found ament_cmake: 1.3.9 (/opt/ros/humble/share/ament_cmake/cmake)
[2.472s] -- Found Python3: /usr/bin/python3 (found version "3.10.12") found components: Interpreter 
[2.768s] -- Override CMake install command with custom implementation using symlinks instead of copying resources
[3.024s] -- Found builtin_interfaces: 1.2.1 (/opt/ros/humble/share/builtin_interfaces/cmake)
[3.289s] -- Found rosidl_generator_c: 3.1.5 (/opt/ros/humble/share/rosidl_generator_c/cmake)
[3.330s] -- Found rosidl_adapter: 3.1.5 (/opt/ros/humble/share/rosidl_adapter/cmake)
[3.386s] -- Found rosidl_generator_cpp: 3.1.5 (/opt/ros/humble/share/rosidl_generator_cpp/cmake)
[3.462s] -- Using all available rosidl_typesupport_c: rosidl_typesupport_fastrtps_c;rosidl_typesupport_introspection_c
[3.572s] -- Using all available rosidl_typesupport_cpp: rosidl_typesupport_fastrtps_cpp;rosidl_typesupport_introspection_cpp
[3.678s] -- Found rosidl_default_generators: 1.2.0 (/opt/ros/humble/share/rosidl_default_generators/cmake)
[10.666s] -- Found ament_cmake_cppcheck: 0.12.11 (/opt/ros/humble/share/ament_cmake_cppcheck/cmake)
[10.685s] -- Found ament_cmake_cpplint: 0.12.11 (/opt/ros/humble/share/ament_cmake_cpplint/cmake)
[10.704s] -- Found ament_cmake_uncrustify: 0.12.11 (/opt/ros/humble/share/ament_cmake_uncrustify/cmake)
[10.725s] -- Found ament_cmake_ros: 0.10.0 (/opt/ros/humble/share/ament_cmake_ros/cmake)
[12.919s] -- Using all available rosidl_typesupport_c: rosidl_typesupport_fastrtps_c;rosidl_typesupport_introspection_c
[13.750s] -- Using all available rosidl_typesupport_cpp: rosidl_typesupport_fastrtps_cpp;rosidl_typesupport_introspection_cpp
[13.898s] -- Found PythonInterp: /usr/bin/python3 (found suitable version "3.10.12", minimum required is "3.6") 
[13.917s] -- Found python_cmake_module: 0.10.0 (/opt/ros/humble/share/python_cmake_module/cmake)
[14.071s] -- Found PythonLibs: /usr/lib/aarch64-linux-gnu/libpython3.10.so (found suitable version "3.10.12", minimum required is "3.5") 
[14.072s] -- Using PYTHON_EXECUTABLE: /usr/bin/python3
[14.072s] -- Using PYTHON_INCLUDE_DIRS: /usr/include/python3.10
[14.072s] -- Using PYTHON_LIBRARIES: /usr/lib/aarch64-linux-gnu/libpython3.10.so
[14.204s] -- Found PythonExtra: .so  
[14.554s] -- Found ament_cmake_flake8: 0.12.11 (/opt/ros/humble/share/ament_cmake_flake8/cmake)
[14.573s] -- Found ament_cmake_pep257: 0.12.11 (/opt/ros/humble/share/ament_cmake_pep257/cmake)
[14.876s] -- Configuring done
[16.281s] -- Generating done
[16.297s] -- Build files have been written to: /home/evannsrpi/nr_journal_v114/src/build/px4_msgs
[16.378s] Invoked command in '/home/evannsrpi/nr_journal_v114/src/build/px4_msgs' returned '0': CMAKE_PREFIX_PATH=/opt/ros/humble /usr/bin/cmake /home/evannsrpi/nr_journal_v114/src/px4_msgs -DAMENT_CMAKE_SYMLINK_INSTALL=1 -DCMAKE_INSTALL_PREFIX=/home/evannsrpi/nr_journal_v114/src/install/px4_msgs
[16.389s] Invoking command in '/home/evannsrpi/nr_journal_v114/src/build/px4_msgs': CMAKE_PREFIX_PATH=/opt/ros/humble /usr/bin/cmake --build /home/evannsrpi/nr_journal_v114/src/build/px4_msgs -- -j4 -l4
[18.607s] [  0%] [34m[1mGenerating C code for ROS interfaces[0m
[18.650s] [  0%] Built target ament_cmake_python_symlink_px4_msgs
[18.713s] [  0%] [34m[1mGenerating C++ code for ROS interfaces[0m
[20.431s] running egg_info
[20.433s] creating px4_msgs.egg-info
[20.434s] writing px4_msgs.egg-info/PKG-INFO
[20.435s] writing dependency_links to px4_msgs.egg-info/dependency_links.txt
[20.437s] writing top-level names to px4_msgs.egg-info/top_level.txt
[20.438s] writing manifest file 'px4_msgs.egg-info/SOURCES.txt'
[20.448s] reading manifest file 'px4_msgs.egg-info/SOURCES.txt'
[20.450s] writing manifest file 'px4_msgs.egg-info/SOURCES.txt'
[20.631s] [  0%] Built target ament_cmake_python_build_px4_msgs_egg
[59.360s] gmake[2]: *** Deleting file 'rosidl_generator_c/px4_msgs/msg/action_request.h'
[59.361s] gmake[2]: *** Deleting file 'rosidl_generator_cpp/px4_msgs/msg/action_request.hpp'
[59.361s] Traceback (most recent call last):
[59.362s]   File "/opt/ros/humble/share/rosidl_generator_cpp/cmake/../../../lib/rosidl_generator_cpp/rosidl_generator_cpp", line 38, in <module>
[59.362s] Traceback (most recent call last):
[59.362s]   File "/opt/ros/humble/share/rosidl_generator_c/cmake/../../../lib/rosidl_generator_c/rosidl_generator_c", line 38, in <module>
[59.362s]     sys.exit(main())
[59.363s]   File "/opt/ros/humble/share/rosidl_generator_cpp/cmake/../../../lib/rosidl_generator_cpp/rosidl_generator_cpp", line 34, in main
[59.363s]     sys.exit(main())
[59.363s]   File "/opt/ros/humble/share/rosidl_generator_c/cmake/../../../lib/rosidl_generator_c/rosidl_generator_c", line 34, in main
[59.363s]     generate_cpp(args.generator_arguments_file)
[59.364s]     generate_c(args.generator_arguments_file)
[59.364s]   File "/opt/ros/humble/local/lib/python3.10/dist-packages/rosidl_generator_cpp/__init__.py", line 38, in generate_cpp
[59.364s]   File "/opt/ros/humble/local/lib/python3.10/dist-packages/rosidl_generator_c/__init__.py", line 37, in generate_c
[59.365s]     return generate_files(
[59.365s]     return generate_files(
[59.365s]   File "/opt/ros/humble/local/lib/python3.10/dist-packages/rosidl_cmake/__init__.py", line 74, in generate_files
[59.365s]   File "/opt/ros/humble/local/lib/python3.10/dist-packages/rosidl_cmake/__init__.py", line 74, in generate_files
[59.365s]     idl_file = parse_idl_file(locator)
[59.366s]     idl_file = parse_idl_file(locator)
[59.366s]   File "/opt/ros/humble/local/lib/python3.10/dist-packages/rosidl_parser/parser.py", line 64, in parse_idl_file
[59.367s]   File "/opt/ros/humble/local/lib/python3.10/dist-packages/rosidl_parser/parser.py", line 64, in parse_idl_file
[59.367s]     content = parse_idl_string(string, png_file=png_file)
[59.368s]     content = parse_idl_string(string, png_file=png_file)
[59.370s]   File "/opt/ros/humble/local/lib/python3.10/dist-packages/rosidl_parser/parser.py", line 72, in parse_idl_string
[59.371s]   File "/opt/ros/humble/local/lib/python3.10/dist-packages/rosidl_parser/parser.py", line 72, in parse_idl_string
[59.373s]     tree = get_ast_from_idl_string(idl_string)
[59.377s]     tree = get_ast_from_idl_string(idl_string)
[59.381s]   File "/opt/ros/humble/local/lib/python3.10/dist-packages/rosidl_parser/parser.py", line 89, in get_ast_from_idl_string
[59.384s]   File "/opt/ros/humble/local/lib/python3.10/dist-packages/rosidl_parser/parser.py", line 89, in get_ast_from_idl_string
[59.387s]     return _parser.parse(idl_string)
[59.390s]     return _parser.parse(idl_string)
[59.392s]   File "/usr/lib/python3/dist-packages/lark/lark.py", line 619, in parse
[59.395s]   File "/usr/lib/python3/dist-packages/lark/lark.py", line 619, in parse
[59.396s]     return self.parser.parse(text, start=start, on_error=on_error)
[59.399s]     return self.parser.parse(text, start=start, on_error=on_error)
[59.402s]   File "/usr/lib/python3/dist-packages/lark/parser_frontends.py", line 99, in parse
[59.404s]   File "/usr/lib/python3/dist-packages/lark/parser_frontends.py", line 99, in parse
[59.406s]     return self.parser.parse(stream, chosen_start, **kw)
[59.408s]   File "/usr/lib/python3/dist-packages/lark/parsers/earley.py", line 266, in parse
[59.410s]     return self.parser.parse(stream, chosen_start, **kw)
[59.416s]   File "/usr/lib/python3/dist-packages/lark/parsers/earley.py", line 266, in parse
[59.420s]     to_scan = self._parse(lexer, columns, to_scan, start_symbol)
[59.424s]   File "/usr/lib/python3/dist-packages/lark/parsers/xearley.py", line 146, in _parse
[59.429s]     to_scan = self._parse(lexer, columns, to_scan, start_symbol)
[59.433s]   File "/usr/lib/python3/dist-packages/lark/parsers/xearley.py", line 144, in _parse
[59.435s]     to_scan = scan(i, to_scan)
[59.436s]   File "/usr/lib/python3/dist-packages/lark/parsers/xearley.py", line 117, in scan
[59.438s]     self.predict_and_complete(i, to_scan, columns, transitives)
[59.440s]     if not next_set and not delayed_matches and not next_to_scan:
[59.441s]   File "/usr/lib/python3/dist-packages/lark/parsers/earley.py", line 140, in predict_and_complete
[59.442s] KeyboardInterrupt
[59.444s]     new_item = Item(rule, 0, i)
[59.445s]   File "/usr/lib/python3/dist-packages/lark/parsers/earley_common.py", line 23, in __init__
[59.447s]     self._hash = hash((self.s, self.start))
[59.448s]   File "/usr/lib/python3/dist-packages/lark/grammar.py", line 113, in __hash__
[59.450s]     def __hash__(self):
[59.452s] KeyboardInterrupt
[59.638s] gmake[2]: *** [CMakeFiles/px4_msgs__cpp.dir/build.make:1008: rosidl_generator_cpp/px4_msgs/msg/action_request.hpp] Interrupt
[59.641s] gmake[1]: *** [CMakeFiles/Makefile2:265: CMakeFiles/px4_msgs__cpp.dir/all] Interrupt
[59.646s] gmake[2]: *** [CMakeFiles/px4_msgs__rosidl_generator_c.dir/build.make:272: rosidl_generator_c/px4_msgs/msg/action_request.h] Interrupt
[59.646s] gmake[1]: *** [CMakeFiles/Makefile2:212: CMakeFiles/px4_msgs__rosidl_generator_c.dir/all] Interrupt
[59.647s] gmake: *** [Makefile:146: all] Interrupt
[59.653s] Invoked command in '/home/evannsrpi/nr_journal_v114/src/build/px4_msgs' returned '-2': CMAKE_PREFIX_PATH=/opt/ros/humble /usr/bin/cmake --build /home/evannsrpi/nr_journal_v114/src/build/px4_msgs -- -j4 -l4
